Started GET "/" for ::1 at 2021-11-22 08:59:26 -0500
  [1m[35m (3.3ms)[0m  [1m[34mSELECT sqlite_version(*)[0m
Processing by Rails::WelcomeController#index as HTML
  Rendering /Users/aleaders-c02g40skml7j/.rubies/ruby-2.7.2/lib/ruby/gems/2.7.0/gems/railties-6.1.4.1/lib/rails/templates/rails/welcome/index.html.erb
  Rendered /Users/aleaders-c02g40skml7j/.rubies/ruby-2.7.2/lib/ruby/gems/2.7.0/gems/railties-6.1.4.1/lib/rails/templates/rails/welcome/index.html.erb (Duration: 10.5ms | Allocations: 445)
Completed 200 OK in 42ms (Views: 20.1ms | ActiveRecord: 0.0ms | Allocations: 4848)


Started GET "/" for ::1 at 2021-11-22 09:03:32 -0500
  [1m[35m (1.2ms)[0m  [1m[34mSELECT sqlite_version(*)[0m
Processing by Rails::WelcomeController#index as HTML
  Rendering /Users/aleaders-c02g40skml7j/.rubies/ruby-2.7.2/lib/ruby/gems/2.7.0/gems/railties-6.1.4.1/lib/rails/templates/rails/welcome/index.html.erb
  Rendered /Users/aleaders-c02g40skml7j/.rubies/ruby-2.7.2/lib/ruby/gems/2.7.0/gems/railties-6.1.4.1/lib/rails/templates/rails/welcome/index.html.erb (Duration: 6.8ms | Allocations: 337)
Completed 200 OK in 27ms (Views: 11.2ms | ActiveRecord: 0.0ms | Allocations: 2516)


Started GET "/books" for ::1 at 2021-11-22 09:03:36 -0500
Processing by BooksController#index as HTML
  Rendering layout layouts/application.html.erb
  Rendering books/index.html.erb within layouts/application
  Rendered books/index.html.erb within layouts/application (Duration: 1.0ms | Allocations: 104)
[Webpacker] Compiling...
[Webpacker] Compiled all packs in /Users/aleaders-c02g40skml7j/Sandbox/book-tracker/public/packs
[Webpacker] Hash: e2a8a876c5815bee1e21
Version: webpack 4.46.0
Time: 1740ms
Built at: 11/22/2021 9:03:41 AM
                                     Asset       Size       Chunks                         Chunk Names
    js/application-e421b4aa3f716bebdab1.js    125 KiB  application  [emitted] [immutable]  application
js/application-e421b4aa3f716bebdab1.js.map    139 KiB  application  [emitted] [dev]        application
                             manifest.json  364 bytes               [emitted]              
Entrypoint application = js/application-e421b4aa3f716bebdab1.js js/application-e421b4aa3f716bebdab1.js.map
[./app/javascript/channels sync recursive _channel\.js$] ./app/javascript/channels sync _channel\.js$ 160 bytes {application} [built]
[./app/javascript/channels/index.js] 211 bytes {application} [built]
[./app/javascript/packs/application.js] 492 bytes {application} [built]
[./node_modules/webpack/buildin/module.js] (webpack)/buildin/module.js 552 bytes {application} [built]
    + 3 hidden modules

  Rendered layout layouts/application.html.erb (Duration: 4879.8ms | Allocations: 17489)
Completed 200 OK in 4893ms (Views: 4883.2ms | ActiveRecord: 0.0ms | Allocations: 18597)


Started GET "/books" for ::1 at 2021-11-22 09:03:55 -0500
Processing by BooksController#index as HTML
  Rendering layout layouts/application.html.erb
  Rendering books/index.html.erb within layouts/application
  Rendered books/index.html.erb within layouts/application (Duration: 0.4ms | Allocations: 108)
[Webpacker] Everything's up-to-date. Nothing to do
  Rendered layout layouts/application.html.erb (Duration: 12.6ms | Allocations: 3777)
Completed 200 OK in 20ms (Views: 16.7ms | ActiveRecord: 0.0ms | Allocations: 4865)


Started GET "/books" for ::1 at 2021-11-22 09:06:34 -0500
Processing by BooksController#index as HTML
  Rendering layout layouts/application.html.erb
  Rendering books/index.html.erb within layouts/application
  Rendered books/index.html.erb within layouts/application (Duration: 0.1ms | Allocations: 36)
[Webpacker] Everything's up-to-date. Nothing to do
  Rendered layout layouts/application.html.erb (Duration: 26.6ms | Allocations: 8579)
Completed 200 OK in 28ms (Views: 27.2ms | ActiveRecord: 0.0ms | Allocations: 8959)


Started GET "/" for ::1 at 2021-11-22 09:10:30 -0500
Processing by BooksController#index as HTML
  Rendering layout layouts/application.html.erb
  Rendering books/index.html.erb within layouts/application
  Rendered books/index.html.erb within layouts/application (Duration: 0.1ms | Allocations: 36)
[Webpacker] Everything's up-to-date. Nothing to do
  Rendered layout layouts/application.html.erb (Duration: 15.2ms | Allocations: 3509)
Completed 200 OK in 17ms (Views: 16.4ms | Allocations: 4006)


  [1m[35m (0.7ms)[0m  [1m[34mSELECT sqlite_version(*)[0m
  [1m[35m (1.3ms)[0m  [1m[35mCREATE TABLE "schema_migrations" ("version" varchar NOT NULL PRIMARY KEY)[0m
  [1m[35m (1.7ms)[0m  [1m[35mCREATE TABLE "ar_internal_metadata" ("key" varchar NOT NULL PRIMARY KEY, "value" varchar, "created_at" datetime(6) NOT NULL, "updated_at" datetime(6) NOT NULL)[0m
  [1m[35m (0.3ms)[0m  [1m[34mSELECT "schema_migrations"."version" FROM "schema_migrations" ORDER BY "schema_migrations"."version" ASC[0m
Migrating to CreateBooks (20211122142229)
  [1m[35m (0.8ms)[0m  [1m[34mSELECT sqlite_version(*)[0m
  [1m[35m (0.6ms)[0m  [1m[34mSELECT "schema_migrations"."version" FROM "schema_migrations" ORDER BY "schema_migrations"."version" ASC[0m
Migrating to CreateBooks (20211122142629)
  [1m[36mTRANSACTION (0.1ms)[0m  [1m[36mbegin transaction[0m
  [1m[35m (0.4ms)[0m  [1m[35mCREATE TABLE "books" ("id" integer PRIMARY KEY AUTOINCREMENT NOT NULL, "title" varchar, "author" varchar, "read" boolean, "library" boolean, "created_at" datetime(6) NOT NULL, "updated_at" datetime(6) NOT NULL)[0m
  [1m[36mActiveRecord::SchemaMigration Create (0.6ms)[0m  [1m[32mINSERT INTO "schema_migrations" ("version") VALUES (?)[0m  [["version", "20211122142629"]]
  [1m[36mTRANSACTION (0.8ms)[0m  [1m[36mcommit transaction[0m
  [1m[36mActiveRecord::InternalMetadata Load (0.6ms)[0m  [1m[34mSELECT "ar_internal_metadata".* FROM "ar_internal_metadata" WHERE "ar_internal_metadata"."key" = ? LIMIT ?[0m  [["key", "environment"], ["LIMIT", 1]]
  [1m[36mTRANSACTION (0.1ms)[0m  [1m[36mbegin transaction[0m
  [1m[36mActiveRecord::InternalMetadata Create (1.1ms)[0m  [1m[32mINSERT INTO "ar_internal_metadata" ("key", "value", "created_at", "updated_at") VALUES (?, ?, ?, ?)[0m  [["key", "environment"], ["value", "development"], ["created_at", "2021-11-22 14:26:37.455214"], ["updated_at", "2021-11-22 14:26:37.455214"]]
  [1m[36mTRANSACTION (1.1ms)[0m  [1m[36mcommit transaction[0m
  [1m[35m (0.0ms)[0m  [1m[34mSELECT sqlite_version(*)[0m
  [1m[35m (0.1ms)[0m  [1m[34mSELECT "schema_migrations"."version" FROM "schema_migrations" ORDER BY "schema_migrations"."version" ASC[0m
  [1m[35m (1.0ms)[0m  [1m[34mSELECT sqlite_version(*)[0m
  [1m[36mTRANSACTION (0.1ms)[0m  [1m[36mbegin transaction[0m
  [1m[36mBook Create (2.1ms)[0m  [1m[32mINSERT INTO "books" ("title", "author", "read", "library", "created_at", "updated_at") VALUES (?, ?, ?, ?, ?, ?)[0m  [["title", "A Darker Shade of Magic"], ["author", "V.E. Schwab"], ["read", 1], ["library", 0], ["created_at", "2021-11-22 14:28:19.790875"], ["updated_at", "2021-11-22 14:28:19.790875"]]
  [1m[36mTRANSACTION (1.5ms)[0m  [1m[36mcommit transaction[0m
  [1m[36mTRANSACTION (0.1ms)[0m  [1m[36mbegin transaction[0m
  [1m[36mBook Create (0.8ms)[0m  [1m[32mINSERT INTO "books" ("title", "author", "read", "library", "created_at", "updated_at") VALUES (?, ?, ?, ?, ?, ?)[0m  [["title", "Parable of the Sower"], ["author", "Octavia Butler"], ["read", 0], ["library", 0], ["created_at", "2021-11-22 14:32:07.364407"], ["updated_at", "2021-11-22 14:32:07.364407"]]
  [1m[36mTRANSACTION (1.3ms)[0m  [1m[36mcommit transaction[0m
  [1m[36mBook Load (0.4ms)[0m  [1m[34mSELECT "books".* FROM "books" /* loading for inspect */ LIMIT ?[0m  [["LIMIT", 11]]
Started GET "/" for ::1 at 2021-11-22 09:36:45 -0500
  [1m[35m (1.1ms)[0m  [1m[34mSELECT sqlite_version(*)[0m
  [1m[35m (0.1ms)[0m  [1m[34mSELECT "schema_migrations"."version" FROM "schema_migrations" ORDER BY "schema_migrations"."version" ASC[0m
Processing by BooksController#index as HTML
  Rendering layout layouts/application.html.erb
  Rendering books/index.html.erb within layouts/application
  [1m[36mBook Load (0.3ms)[0m  [1m[34mSELECT "books".* FROM "books"[0m
  ↳ app/views/books/index.html.erb:4
  Rendered books/index.html.erb within layouts/application (Duration: 16.8ms | Allocations: 4796)
[Webpacker] Everything's up-to-date. Nothing to do
  Rendered layout layouts/application.html.erb (Duration: 56.3ms | Allocations: 12958)
Completed 200 OK in 72ms (Views: 59.8ms | ActiveRecord: 0.8ms | Allocations: 15805)


Started GET "/" for ::1 at 2021-11-22 09:37:37 -0500
Processing by BooksController#index as HTML
  Rendering layout layouts/application.html.erb
  Rendering books/index.html.erb within layouts/application
  [1m[36mBook Load (0.2ms)[0m  [1m[34mSELECT "books".* FROM "books"[0m
  ↳ app/views/books/index.html.erb:4
  Rendered books/index.html.erb within layouts/application (Duration: 4.1ms | Allocations: 863)
[Webpacker] Everything's up-to-date. Nothing to do
  Rendered layout layouts/application.html.erb (Duration: 18.4ms | Allocations: 4527)
Completed 200 OK in 25ms (Views: 22.3ms | ActiveRecord: 0.2ms | Allocations: 5636)


Started GET "/" for ::1 at 2021-11-22 09:40:07 -0500
Processing by BooksController#index as HTML
  Rendering layout layouts/application.html.erb
  Rendering books/index.html.erb within layouts/application
  [1m[36mBook Load (0.2ms)[0m  [1m[34mSELECT "books".* FROM "books"[0m
  ↳ app/views/books/index.html.erb:4
  Rendered books/index.html.erb within layouts/application (Duration: 2.5ms | Allocations: 691)
[Webpacker] Everything's up-to-date. Nothing to do
  Rendered layout layouts/application.html.erb (Duration: 18.4ms | Allocations: 4180)
Completed 200 OK in 20ms (Views: 18.7ms | ActiveRecord: 0.2ms | Allocations: 4570)


Started GET "/" for ::1 at 2021-11-22 10:28:52 -0500
Processing by BooksController#index as HTML
  Rendering layout layouts/application.html.erb
  Rendering books/index.html.erb within layouts/application
  [1m[35m (0.1ms)[0m  [1m[34mSELECT sqlite_version(*)[0m
  ↳ app/views/books/index.html.erb:4
  [1m[36mBook Load (0.4ms)[0m  [1m[34mSELECT "books".* FROM "books"[0m
  ↳ app/views/books/index.html.erb:4
  Rendered books/index.html.erb within layouts/application (Duration: 5.8ms | Allocations: 1576)
[Webpacker] Everything's up-to-date. Nothing to do
  Rendered layout layouts/application.html.erb (Duration: 34.3ms | Allocations: 9529)
Completed 200 OK in 39ms (Views: 37.2ms | ActiveRecord: 0.7ms | Allocations: 10637)


Started GET "/" for ::1 at 2021-11-22 10:28:59 -0500
Processing by BooksController#index as HTML
  Rendering layout layouts/application.html.erb
  Rendering books/index.html.erb within layouts/application
  [1m[36mBook Load (0.2ms)[0m  [1m[34mSELECT "books".* FROM "books"[0m
  ↳ app/views/books/index.html.erb:4
  Rendered books/index.html.erb within layouts/application (Duration: 2.5ms | Allocations: 691)
[Webpacker] Everything's up-to-date. Nothing to do
  Rendered layout layouts/application.html.erb (Duration: 9.1ms | Allocations: 4180)
Completed 200 OK in 11ms (Views: 9.8ms | ActiveRecord: 0.2ms | Allocations: 4568)


Started GET "/" for ::1 at 2021-11-22 10:29:33 -0500
Processing by BooksController#index as HTML
  Rendering layout layouts/application.html.erb
  Rendering books/index.html.erb within layouts/application
  [1m[36mBook Load (0.2ms)[0m  [1m[34mSELECT "books".* FROM "books"[0m
  ↳ app/views/books/index.html.erb:4
  Rendered books/index.html.erb within layouts/application (Duration: 2.7ms | Allocations: 691)
[Webpacker] Everything's up-to-date. Nothing to do
  Rendered layout layouts/application.html.erb (Duration: 29.0ms | Allocations: 8835)
Completed 200 OK in 31ms (Views: 29.5ms | ActiveRecord: 0.2ms | Allocations: 9222)


Started GET "/" for ::1 at 2021-11-22 10:32:33 -0500
Processing by BooksController#index as HTML
  Rendering layout layouts/application.html.erb
  Rendering books/index.html.erb within layouts/application
  [1m[36mBook Load (0.3ms)[0m  [1m[34mSELECT "books".* FROM "books"[0m
  ↳ app/views/books/index.html.erb:4
  Rendered books/index.html.erb within layouts/application (Duration: 2.7ms | Allocations: 853)
[Webpacker] Everything's up-to-date. Nothing to do
  Rendered layout layouts/application.html.erb (Duration: 14.3ms | Allocations: 4515)
Completed 200 OK in 18ms (Views: 16.8ms | ActiveRecord: 0.3ms | Allocations: 5610)


Started GET "/" for ::1 at 2021-11-22 10:33:45 -0500
Processing by BooksController#index as HTML
  Rendering layout layouts/application.html.erb
  Rendering books/index.html.erb within layouts/application
  Rendered books/index.html.erb within layouts/application (Duration: 13.1ms | Allocations: 3901)
  Rendered layout layouts/application.html.erb (Duration: 13.5ms | Allocations: 3967)
Completed 500 Internal Server Error in 18ms (ActiveRecord: 0.0ms | Allocations: 5048)


  
ActionView::SyntaxErrorInTemplate (Encountered a syntax error while rendering template: check <h1>Books! Do you like books?</h1>

<ul>
  <% @books.each do |book| %>
    <li>
      <%= book.title %>
      <p>
        Which I have read (<%= book.read (class: 'notes') %>) and got from the library (<%= book.library (class: 'notes') %>)
      <p>
    </li>
  <% end %>
</ul>
):
1:    <h1>Books! Do you like books?</h1>
2:    
3:    <ul>
4:      <% @books.each do |book| %>
5:        <li>
6:          <%= book.title %>
7:          <p>
8:            Which I have read (<%= book.read (class: 'notes') %>) and got from the library (<%= book.library (class: 'notes') %>)
9:          <p>
10:        </li>
11:      <% end %>
12:    </ul>
  
app/views/books/index.html.erb:8: syntax error, unexpected tLABEL, expecting ')'
app/views/books/index.html.erb:8: syntax error, unexpected ')', expecting `end'
app/views/books/index.html.erb:8: syntax error, unexpected tLABEL, expecting ')'
app/views/books/index.html.erb:8: syntax error, unexpected ')', expecting `end'
app/views/books/index.html.erb:14: syntax error, unexpected `end', expecting end-of-input
app/views/books/index.html.erb:8: syntax error, unexpected tLABEL, expecting ')'
app/views/books/index.html.erb:8: syntax error, unexpected ')', expecting `end'
app/views/books/index.html.erb:8: syntax error, unexpected tLABEL, expecting ')'
app/views/books/index.html.erb:8: syntax error, unexpected ')', expecting `end'
app/views/books/index.html.erb:14: syntax error, unexpected `end', expecting end-of-input
app/views/books/index.html.erb:8: syntax error, unexpected tLABEL, expecting ')'
app/views/books/index.html.erb:8: syntax error, unexpected ')', expecting `end'
app/views/books/index.html.erb:8: syntax error, unexpected tLABEL, expecting ')'
app/views/books/index.html.erb:8: syntax error, unexpected ')', expecting `end'
app/views/books/index.html.erb:14: syntax error, unexpected `end', expecting end-of-input
app/views/books/index.html.erb:8: syntax error, unexpected tLABEL, expecting ')'
app/views/books/index.html.erb:8: syntax error, unexpected ')', expecting `end'
app/views/books/index.html.erb:8: syntax error, unexpected tLABEL, expecting ')'
app/views/books/index.html.erb:8: syntax error, unexpected ')', expecting `end'
app/views/books/index.html.erb:14: syntax error, unexpected `end', expecting end-of-input
app/views/books/index.html.erb:8: syntax error, unexpected tLABEL, expecting ')'
app/views/books/index.html.erb:8: syntax error, unexpected ')', expecting `end'
app/views/books/index.html.erb:8: syntax error, unexpected tLABEL, expecting ')'
app/views/books/index.html.erb:8: syntax error, unexpected ')', expecting `end'
app/views/books/index.html.erb:14: syntax error, unexpected `end', expecting end-of-input
app/views/books/index.html.erb:8: syntax error, unexpected tLABEL, expecting ')'
app/views/books/index.html.erb:8: syntax error, unexpected ')', expecting `end'
app/views/books/index.html.erb:8: syntax error, unexpected tLABEL, expecting ')'
app/views/books/index.html.erb:8: syntax error, unexpected ')', expecting `end'
app/views/books/index.html.erb:14: syntax error, unexpected `end', expecting end-of-input
Started GET "/" for ::1 at 2021-11-22 10:34:48 -0500
Processing by BooksController#index as HTML
  Rendering layout layouts/application.html.erb
  Rendering books/index.html.erb within layouts/application
  Rendered books/index.html.erb within layouts/application (Duration: 1.1ms | Allocations: 1162)
  Rendered layout layouts/application.html.erb (Duration: 1.4ms | Allocations: 1228)
Completed 500 Internal Server Error in 6ms (ActiveRecord: 0.0ms | Allocations: 2418)


  
ActionView::SyntaxErrorInTemplate (Encountered a syntax error while rendering template: check <h1>Books! Do you like books?</h1>

<ul>
  <% @books.each do |book| %>
    <li>
      <%= book.title %>
      <p>
        Which I have read (<%= book.read, class: 'notes'%>) and got from the library (<%= book.library, class: 'notes'%>)
      <p>
    </li>
  <% end %>
</ul>
):
1:    <h1>Books! Do you like books?</h1>
2:    
3:    <ul>
4:      <% @books.each do |book| %>
5:        <li>
6:          <%= book.title %>
7:          <p>
8:            Which I have read (<%= book.read, class: 'notes'%>) and got from the library (<%= book.library, class: 'notes'%>)
9:          <p>
10:        </li>
11:      <% end %>
12:    </ul>
  
app/views/books/index.html.erb:8: syntax error, unexpected tLABEL, expecting '='
app/views/books/index.html.erb:8: syntax error, unexpected tLABEL, expecting '='
app/views/books/index.html.erb:8: syntax error, unexpected tLABEL, expecting '='
app/views/books/index.html.erb:8: syntax error, unexpected tLABEL, expecting '='
app/views/books/index.html.erb:8: syntax error, unexpected tLABEL, expecting '='
app/views/books/index.html.erb:8: syntax error, unexpected tLABEL, expecting '='
app/views/books/index.html.erb:8: syntax error, unexpected tLABEL, expecting '='
app/views/books/index.html.erb:8: syntax error, unexpected tLABEL, expecting '='
app/views/books/index.html.erb:8: syntax error, unexpected tLABEL, expecting '='
app/views/books/index.html.erb:8: syntax error, unexpected tLABEL, expecting '='
app/views/books/index.html.erb:8: syntax error, unexpected tLABEL, expecting '='
app/views/books/index.html.erb:8: syntax error, unexpected tLABEL, expecting '='
Started GET "/" for ::1 at 2021-11-22 10:35:09 -0500
Processing by BooksController#index as HTML
  Rendering layout layouts/application.html.erb
  Rendering books/index.html.erb within layouts/application
  [1m[36mBook Load (0.2ms)[0m  [1m[34mSELECT "books".* FROM "books"[0m
  ↳ app/views/books/index.html.erb:4
  Rendered books/index.html.erb within layouts/application (Duration: 3.2ms | Allocations: 923)
[Webpacker] Everything's up-to-date. Nothing to do
  Rendered layout layouts/application.html.erb (Duration: 32.7ms | Allocations: 8948)
Completed 200 OK in 37ms (Views: 35.2ms | ActiveRecord: 0.2ms | Allocations: 10053)


Started GET "/" for ::1 at 2021-11-22 10:36:33 -0500
Processing by BooksController#index as HTML
  Rendering layout layouts/application.html.erb
  Rendering books/index.html.erb within layouts/application
  [1m[36mBook Load (0.2ms)[0m  [1m[34mSELECT "books".* FROM "books"[0m
  ↳ app/views/books/index.html.erb:4
  Rendered books/index.html.erb within layouts/application (Duration: 2.1ms | Allocations: 691)
[Webpacker] Everything's up-to-date. Nothing to do
  Rendered layout layouts/application.html.erb (Duration: 8.4ms | Allocations: 4180)
Completed 200 OK in 9ms (Views: 8.7ms | ActiveRecord: 0.2ms | Allocations: 4568)


Started GET "/" for ::1 at 2021-11-22 10:36:49 -0500
Processing by BooksController#index as HTML
  Rendering layout layouts/application.html.erb
  Rendering books/index.html.erb within layouts/application
  [1m[36mBook Load (0.1ms)[0m  [1m[34mSELECT "books".* FROM "books"[0m
  ↳ app/views/books/index.html.erb:4
  Rendered books/index.html.erb within layouts/application (Duration: 2.6ms | Allocations: 851)
[Webpacker] Everything's up-to-date. Nothing to do
  Rendered layout layouts/application.html.erb (Duration: 26.3ms | Allocations: 8695)
Completed 200 OK in 30ms (Views: 28.6ms | ActiveRecord: 0.1ms | Allocations: 9786)


Started GET "/" for ::1 at 2021-11-22 10:37:22 -0500
Processing by BooksController#index as HTML
  Rendering layout layouts/application.html.erb
  Rendering books/index.html.erb within layouts/application
  [1m[36mBook Load (0.2ms)[0m  [1m[34mSELECT "books".* FROM "books"[0m
  ↳ app/views/books/index.html.erb:4
  Rendered books/index.html.erb within layouts/application (Duration: 1.9ms | Allocations: 699)
[Webpacker] Everything's up-to-date. Nothing to do
  Rendered layout layouts/application.html.erb (Duration: 24.2ms | Allocations: 8834)
Completed 200 OK in 26ms (Views: 24.8ms | ActiveRecord: 0.2ms | Allocations: 9222)


Started GET "/" for ::1 at 2021-11-22 10:37:37 -0500
Processing by BooksController#index as HTML
  Rendering layout layouts/application.html.erb
  Rendering books/index.html.erb within layouts/application
  [1m[36mBook Load (0.2ms)[0m  [1m[34mSELECT "books".* FROM "books"[0m
  ↳ app/views/books/index.html.erb:4
  Rendered books/index.html.erb within layouts/application (Duration: 2.5ms | Allocations: 691)
[Webpacker] Everything's up-to-date. Nothing to do
  Rendered layout layouts/application.html.erb (Duration: 10.2ms | Allocations: 4220)
Completed 200 OK in 12ms (Views: 10.7ms | ActiveRecord: 0.2ms | Allocations: 4607)


Started GET "/" for ::1 at 2021-11-22 10:45:59 -0500
Processing by BooksController#index as HTML
  Rendering layout layouts/application.html.erb
  Rendering books/index.html.erb within layouts/application
  [1m[35m (0.1ms)[0m  [1m[34mSELECT sqlite_version(*)[0m
  ↳ app/views/books/index.html.erb:4
  [1m[36mBook Load (0.2ms)[0m  [1m[34mSELECT "books".* FROM "books"[0m
  ↳ app/views/books/index.html.erb:4
  Rendered books/index.html.erb within layouts/application (Duration: 7.4ms | Allocations: 4380)
[Webpacker] Everything's up-to-date. Nothing to do
  Rendered layout layouts/application.html.erb (Duration: 13.1ms | Allocations: 8021)
Completed 200 OK in 17ms (Views: 14.5ms | ActiveRecord: 0.5ms | Allocations: 9406)


Started GET "/" for ::1 at 2021-11-22 10:46:04 -0500
Processing by BooksController#index as HTML
  Rendering layout layouts/application.html.erb
  Rendering books/index.html.erb within layouts/application
  [1m[36mBook Load (0.2ms)[0m  [1m[34mSELECT "books".* FROM "books"[0m
  ↳ app/views/books/index.html.erb:4
  Rendered books/index.html.erb within layouts/application (Duration: 2.0ms | Allocations: 691)
[Webpacker] Everything's up-to-date. Nothing to do
  Rendered layout layouts/application.html.erb (Duration: 9.7ms | Allocations: 4181)
Completed 200 OK in 11ms (Views: 10.1ms | ActiveRecord: 0.2ms | Allocations: 4569)


Started GET "/books/1" for ::1 at 2021-11-22 10:46:13 -0500
Processing by BooksController#show as HTML
  Parameters: {"id"=>"1"}
Completed 500 Internal Server Error in 3ms (ActiveRecord: 0.0ms | Allocations: 2387)


  
NameError (uninitialized constant BooksController::Books):
  
app/controllers/books_controller.rb:7:in `show'
Started GET "/books/1" for ::1 at 2021-11-22 10:47:01 -0500
Processing by BooksController#show as HTML
  Parameters: {"id"=>"1"}
  [1m[35m (0.1ms)[0m  [1m[34mSELECT sqlite_version(*)[0m
  ↳ app/controllers/books_controller.rb:7:in `show'
  [1m[36mBook Load (0.1ms)[0m  [1m[34mSELECT "books".* FROM "books" WHERE "books"."id" = ? LIMIT ?[0m  [["id", 1], ["LIMIT", 1]]
  ↳ app/controllers/books_controller.rb:7:in `show'
  Rendering layout layouts/application.html.erb
  Rendering books/show.html.erb within layouts/application
  Rendered books/show.html.erb within layouts/application (Duration: 0.4ms | Allocations: 141)
[Webpacker] Everything's up-to-date. Nothing to do
  Rendered layout layouts/application.html.erb (Duration: 5.8ms | Allocations: 3620)
Completed 200 OK in 20ms (Views: 6.6ms | ActiveRecord: 1.5ms | Allocations: 9243)


Started GET "/books/1" for ::1 at 2021-11-22 10:49:09 -0500
Processing by BooksController#show as HTML
  Parameters: {"id"=>"1"}
  [1m[36mBook Load (0.2ms)[0m  [1m[34mSELECT "books".* FROM "books" WHERE "books"."id" = ? LIMIT ?[0m  [["id", 1], ["LIMIT", 1]]
  ↳ app/controllers/books_controller.rb:7:in `show'
  Rendering layout layouts/application.html.erb
  Rendering books/show.html.erb within layouts/application
  Rendered books/show.html.erb within layouts/application (Duration: 0.4ms | Allocations: 135)
[Webpacker] Everything's up-to-date. Nothing to do
  Rendered layout layouts/application.html.erb (Duration: 10.4ms | Allocations: 3797)
Completed 200 OK in 14ms (Views: 12.0ms | ActiveRecord: 0.2ms | Allocations: 5415)


Started GET "/books/1" for ::1 at 2021-11-22 10:49:26 -0500
Processing by BooksController#show as HTML
  Parameters: {"id"=>"1"}
  [1m[36mBook Load (0.2ms)[0m  [1m[34mSELECT "books".* FROM "books" WHERE "books"."id" = ? LIMIT ?[0m  [["id", 1], ["LIMIT", 1]]
  ↳ app/controllers/books_controller.rb:7:in `show'
  Rendering layout layouts/application.html.erb
  Rendering books/show.html.erb within layouts/application
  Rendered books/show.html.erb within layouts/application (Duration: 0.5ms | Allocations: 138)
[Webpacker] Everything's up-to-date. Nothing to do
  Rendered layout layouts/application.html.erb (Duration: 8.2ms | Allocations: 3800)
Completed 200 OK in 15ms (Views: 11.2ms | ActiveRecord: 0.2ms | Allocations: 5418)


Started GET "/" for ::1 at 2021-11-22 10:49:30 -0500
Processing by BooksController#index as HTML
  Rendering layout layouts/application.html.erb
  Rendering books/index.html.erb within layouts/application
  [1m[36mBook Load (0.2ms)[0m  [1m[34mSELECT "books".* FROM "books"[0m
  ↳ app/views/books/index.html.erb:4
  Rendered books/index.html.erb within layouts/application (Duration: 3.1ms | Allocations: 903)
[Webpacker] Everything's up-to-date. Nothing to do
  Rendered layout layouts/application.html.erb (Duration: 9.0ms | Allocations: 4395)
Completed 200 OK in 11ms (Views: 9.4ms | ActiveRecord: 0.2ms | Allocations: 4908)


Started GET "/books/" for ::1 at 2021-11-22 10:49:32 -0500
Processing by BooksController#index as HTML
  Rendering layout layouts/application.html.erb
  Rendering books/index.html.erb within layouts/application
  [1m[36mBook Load (0.5ms)[0m  [1m[34mSELECT "books".* FROM "books"[0m
  ↳ app/views/books/index.html.erb:4
  Rendered books/index.html.erb within layouts/application (Duration: 3.9ms | Allocations: 695)
[Webpacker] Everything's up-to-date. Nothing to do
  Rendered layout layouts/application.html.erb (Duration: 12.5ms | Allocations: 4184)
Completed 200 OK in 15ms (Views: 13.0ms | ActiveRecord: 0.5ms | Allocations: 4575)


Started GET "/books/" for ::1 at 2021-11-22 10:49:35 -0500
Processing by BooksController#index as HTML
  Rendering layout layouts/application.html.erb
  Rendering books/index.html.erb within layouts/application
  [1m[36mBook Load (0.3ms)[0m  [1m[34mSELECT "books".* FROM "books"[0m
  ↳ app/views/books/index.html.erb:4
  Rendered books/index.html.erb within layouts/application (Duration: 3.5ms | Allocations: 695)
[Webpacker] Everything's up-to-date. Nothing to do
  Rendered layout layouts/application.html.erb (Duration: 13.7ms | Allocations: 4184)
Completed 200 OK in 16ms (Views: 14.4ms | ActiveRecord: 0.3ms | Allocations: 4574)


Started GET "/books/" for ::1 at 2021-11-22 10:50:55 -0500
Processing by BooksController#index as HTML
  Rendering layout layouts/application.html.erb
  Rendering books/index.html.erb within layouts/application
  [1m[36mBook Load (0.3ms)[0m  [1m[34mSELECT "books".* FROM "books"[0m
  ↳ app/views/books/index.html.erb:4
  Rendered books/index.html.erb within layouts/application (Duration: 3.1ms | Allocations: 871)
[Webpacker] Everything's up-to-date. Nothing to do
  Rendered layout layouts/application.html.erb (Duration: 9.4ms | Allocations: 4533)
Completed 200 OK in 14ms (Views: 12.3ms | ActiveRecord: 0.3ms | Allocations: 5625)


Started GET "/books/" for ::1 at 2021-11-22 10:50:57 -0500
Processing by BooksController#index as HTML
  Rendering layout layouts/application.html.erb
  Rendering books/index.html.erb within layouts/application
  [1m[36mBook Load (0.3ms)[0m  [1m[34mSELECT "books".* FROM "books"[0m
  ↳ app/views/books/index.html.erb:4
  Rendered books/index.html.erb within layouts/application (Duration: 3.7ms | Allocations: 695)
[Webpacker] Everything's up-to-date. Nothing to do
  Rendered layout layouts/application.html.erb (Duration: 12.5ms | Allocations: 4184)
Completed 200 OK in 14ms (Views: 13.0ms | ActiveRecord: 0.3ms | Allocations: 4575)


Started GET "/books/" for ::1 at 2021-11-22 10:51:01 -0500
Processing by BooksController#index as HTML
  Rendering layout layouts/application.html.erb
  Rendering books/index.html.erb within layouts/application
  [1m[36mBook Load (0.7ms)[0m  [1m[34mSELECT "books".* FROM "books"[0m
  ↳ app/views/books/index.html.erb:4
  Rendered books/index.html.erb within layouts/application (Duration: 4.3ms | Allocations: 695)
[Webpacker] Everything's up-to-date. Nothing to do
  Rendered layout layouts/application.html.erb (Duration: 17.0ms | Allocations: 4184)
Completed 200 OK in 19ms (Views: 17.4ms | ActiveRecord: 0.7ms | Allocations: 4574)


Started GET "/books/" for ::1 at 2021-11-22 10:52:05 -0500
Processing by BooksController#index as HTML
  Rendering layout layouts/application.html.erb
  Rendering books/index.html.erb within layouts/application
  [1m[36mBook Load (0.2ms)[0m  [1m[34mSELECT "books".* FROM "books"[0m
  ↳ app/views/books/index.html.erb:4
  Rendered books/index.html.erb within layouts/application (Duration: 2.2ms | Allocations: 872)
[Webpacker] Everything's up-to-date. Nothing to do
  Rendered layout layouts/application.html.erb (Duration: 8.4ms | Allocations: 4540)
Completed 200 OK in 12ms (Views: 10.5ms | ActiveRecord: 0.2ms | Allocations: 5632)


Started GET "/books/1" for ::1 at 2021-11-22 10:52:06 -0500
Processing by BooksController#show as HTML
  Parameters: {"id"=>"1"}
  [1m[36mBook Load (0.2ms)[0m  [1m[34mSELECT "books".* FROM "books" WHERE "books"."id" = ? LIMIT ?[0m  [["id", 1], ["LIMIT", 1]]
  ↳ app/controllers/books_controller.rb:7:in `show'
  Rendering layout layouts/application.html.erb
  Rendering books/show.html.erb within layouts/application
  Rendered books/show.html.erb within layouts/application (Duration: 0.5ms | Allocations: 135)
[Webpacker] Everything's up-to-date. Nothing to do
  Rendered layout layouts/application.html.erb (Duration: 7.7ms | Allocations: 3627)
Completed 200 OK in 11ms (Views: 8.3ms | ActiveRecord: 0.2ms | Allocations: 4665)


Started GET "/books/" for ::1 at 2021-11-22 11:12:46 -0500
  [1m[35m (0.6ms)[0m  [1m[34mSELECT sqlite_version(*)[0m
  [1m[35m (0.1ms)[0m  [1m[34mSELECT "schema_migrations"."version" FROM "schema_migrations" ORDER BY "schema_migrations"."version" ASC[0m
Processing by BooksController#index as HTML
  Rendering layout layouts/application.html.erb
  Rendering books/index.html.erb within layouts/application
  [1m[36mBook Load (0.3ms)[0m  [1m[34mSELECT "books".* FROM "books"[0m
  ↳ app/views/books/index.html.erb:4
  Rendered books/index.html.erb within layouts/application (Duration: 10.9ms | Allocations: 4933)
[Webpacker] Everything's up-to-date. Nothing to do
  Rendered layout layouts/application.html.erb (Duration: 61.9ms | Allocations: 13432)
Completed 200 OK in 76ms (Views: 64.8ms | ActiveRecord: 0.8ms | Allocations: 16280)


Started GET "/books/" for ::1 at 2021-11-22 11:13:44 -0500
Processing by BooksController#index as HTML
  Rendering layout layouts/application.html.erb
  Rendering books/index.html.erb within layouts/application
  [1m[36mBook Load (0.1ms)[0m  [1m[34mSELECT "books".* FROM "books"[0m
  ↳ app/views/books/index.html.erb:4
  Rendered books/index.html.erb within layouts/application (Duration: 2.9ms | Allocations: 755)
[Webpacker] Everything's up-to-date. Nothing to do
  Rendered layout layouts/application.html.erb (Duration: 22.7ms | Allocations: 4243)
Completed 200 OK in 28ms (Views: 26.6ms | ActiveRecord: 0.1ms | Allocations: 4631)


Started GET "/books/1" for ::1 at 2021-11-22 11:13:45 -0500
Processing by BooksController#show as HTML
  Parameters: {"id"=>"1"}
  [1m[36mBook Load (0.2ms)[0m  [1m[34mSELECT "books".* FROM "books" WHERE "books"."id" = ? LIMIT ?[0m  [["id", 1], ["LIMIT", 1]]
  ↳ app/controllers/books_controller.rb:7:in `show'
  Rendering layout layouts/application.html.erb
  Rendering books/show.html.erb within layouts/application
  Rendered books/show.html.erb within layouts/application (Duration: 2.0ms | Allocations: 707)
[Webpacker] Everything's up-to-date. Nothing to do
  Rendered layout layouts/application.html.erb (Duration: 12.1ms | Allocations: 4307)
Completed 200 OK in 33ms (Views: 13.0ms | ActiveRecord: 0.2ms | Allocations: 7819)


Started GET "/books/new" for ::1 at 2021-11-22 11:56:08 -0500
Processing by BooksController#new as HTML
  Rendering layout layouts/application.html.erb
  Rendering books/new.html.erb within layouts/application
  Rendered books/new.html.erb within layouts/application (Duration: 26.3ms | Allocations: 6111)
  Rendered layout layouts/application.html.erb (Duration: 26.5ms | Allocations: 6176)
Completed 500 Internal Server Error in 29ms (Allocations: 7161)


  
ActionView::Template::Error (undefined method `errors' for nil:NilClass):
    4:   <div>
    5:     <%= form.label :title %><br>
    6:     <%= form.text_field :title %>
    7:         <% @book.errors.full_messages_for(:title).each do |message| %>
    8:             <div><%= message %></div>
    9:         <% end %>
   10:   </div>
  
app/views/books/new.html.erb:7
app/views/books/new.html.erb:3
Started GET "/books/new" for ::1 at 2021-11-22 11:56:51 -0500
Processing by BooksController#new as HTML
  Rendering layout layouts/application.html.erb
  Rendering books/new.html.erb within layouts/application
  Rendered books/new.html.erb within layouts/application (Duration: 3.1ms | Allocations: 2828)
  Rendered layout layouts/application.html.erb (Duration: 3.3ms | Allocations: 2892)
Completed 500 Internal Server Error in 6ms (Allocations: 3951)


  
ActionView::Template::Error (undefined method `errors' for nil:NilClass):
    4:   <div>
    5:     <%= form.label :title %><br>
    6:     <%= form.text_field :title %>
    7:     <% @book.errors.full_messages_for(:title).each do |message| %>
    8:         <div><%= message %></div>
    9:       <% end %>
   10:   </div>
  
app/views/books/new.html.erb:7
app/views/books/new.html.erb:3
Started GET "/books" for ::1 at 2021-11-22 11:58:44 -0500
  [1m[35m (0.7ms)[0m  [1m[34mSELECT sqlite_version(*)[0m
  [1m[35m (0.2ms)[0m  [1m[34mSELECT "schema_migrations"."version" FROM "schema_migrations" ORDER BY "schema_migrations"."version" ASC[0m
Processing by BooksController#index as HTML
  Rendering layout layouts/application.html.erb
  Rendering books/index.html.erb within layouts/application
  [1m[36mBook Load (0.3ms)[0m  [1m[34mSELECT "books".* FROM "books"[0m
  ↳ app/views/books/index.html.erb:4
  Rendered books/index.html.erb within layouts/application (Duration: 11.3ms | Allocations: 4933)
[Webpacker] Everything's up-to-date. Nothing to do
  Rendered layout layouts/application.html.erb (Duration: 41.2ms | Allocations: 10483)
Completed 200 OK in 76ms (Views: 44.4ms | ActiveRecord: 1.1ms | Allocations: 13571)


Started GET "/books/1" for ::1 at 2021-11-22 11:58:46 -0500
Processing by BooksController#show as HTML
  Parameters: {"id"=>"1"}
  [1m[36mBook Load (0.3ms)[0m  [1m[34mSELECT "books".* FROM "books" WHERE "books"."id" = ? LIMIT ?[0m  [["id", 1], ["LIMIT", 1]]
  ↳ app/controllers/books_controller.rb:7:in `show'
  Rendering layout layouts/application.html.erb
  Rendering books/show.html.erb within layouts/application
  Rendered books/show.html.erb within layouts/application (Duration: 1.3ms | Allocations: 140)
[Webpacker] Everything's up-to-date. Nothing to do
  Rendered layout layouts/application.html.erb (Duration: 12.5ms | Allocations: 3632)
Completed 200 OK in 22ms (Views: 14.4ms | ActiveRecord: 0.3ms | Allocations: 5077)


Started GET "/books/new" for ::1 at 2021-11-22 11:58:53 -0500
Processing by BooksController#new as HTML
  Rendering layout layouts/application.html.erb
  Rendering books/new.html.erb within layouts/application
  Rendered books/new.html.erb within layouts/application (Duration: 12.3ms | Allocations: 4552)
  Rendered layout layouts/application.html.erb (Duration: 12.5ms | Allocations: 4617)
Completed 500 Internal Server Error in 15ms (ActiveRecord: 0.0ms | Allocations: 5072)


  
ActionView::Template::Error (undefined method `errors' for nil:NilClass):
    4:   <div>
    5:     <%= form.label :title %><br>
    6:     <%= form.text_field :title %>
    7:     <% @book.errors.full_messages_for(:title).each do |message| %>
    8:         <div><%= message %></div>
    9:       <% end %>
   10:   </div>
  
app/views/books/new.html.erb:7
app/views/books/new.html.erb:3
Started GET "/books/new" for ::1 at 2021-11-22 12:00:34 -0500
Processing by BooksController#new as HTML
  Rendering layout layouts/application.html.erb
  Rendering books/new.html.erb within layouts/application
  Rendered books/new.html.erb within layouts/application (Duration: 2.9ms | Allocations: 2846)
  Rendered layout layouts/application.html.erb (Duration: 3.2ms | Allocations: 2911)
Completed 500 Internal Server Error in 10ms (ActiveRecord: 0.0ms | Allocations: 3979)


  
ActionView::Template::Error (undefined method `errors' for nil:NilClass):
    4:   <div>
    5:     <%= form.label :title %><br>
    6:     <%= form.text_field :title %>
    7:     # <% @book.errors.full_messages_for(:title).each do |message| %>
    8:     #     <div><%= message %></div>
    9:     #   <% end %>
   10:   </div>
  
app/views/books/new.html.erb:7
app/views/books/new.html.erb:3
Started GET "/books/new" for ::1 at 2021-11-22 12:01:47 -0500
Processing by BooksController#new as HTML
  Rendering layout layouts/application.html.erb
  Rendering books/new.html.erb within layouts/application
  Rendered books/new.html.erb within layouts/application (Duration: 22.3ms | Allocations: 7164)
[Webpacker] Everything's up-to-date. Nothing to do
  Rendered layout layouts/application.html.erb (Duration: 53.0ms | Allocations: 10842)
Completed 200 OK in 57ms (Views: 55.9ms | ActiveRecord: 0.0ms | Allocations: 11851)


Started GET "/books/new" for ::1 at 2021-11-22 12:03:07 -0500
Processing by BooksController#new as HTML
  Rendering layout layouts/application.html.erb
  Rendering books/new.html.erb within layouts/application
  Rendered books/new.html.erb within layouts/application (Duration: 4.6ms | Allocations: 4092)
[Webpacker] Everything's up-to-date. Nothing to do
  Rendered layout layouts/application.html.erb (Duration: 17.1ms | Allocations: 7642)
Completed 200 OK in 21ms (Views: 19.8ms | ActiveRecord: 0.0ms | Allocations: 8646)


Started GET "/" for ::1 at 2021-11-22 12:03:11 -0500
Processing by BooksController#index as HTML
  Rendering layout layouts/application.html.erb
  Rendering books/index.html.erb within layouts/application
  [1m[36mBook Load (0.2ms)[0m  [1m[34mSELECT "books".* FROM "books"[0m
  ↳ app/views/books/index.html.erb:4
  Rendered books/index.html.erb within layouts/application (Duration: 3.8ms | Allocations: 1036)
[Webpacker] Everything's up-to-date. Nothing to do
  Rendered layout layouts/application.html.erb (Duration: 11.5ms | Allocations: 4529)
Completed 200 OK in 14ms (Views: 12.2ms | ActiveRecord: 0.2ms | Allocations: 5069)


Started GET "/books/new" for ::1 at 2021-11-22 12:03:13 -0500
Processing by BooksController#new as HTML
  Rendering layout layouts/application.html.erb
  Rendering books/new.html.erb within layouts/application
  Rendered books/new.html.erb within layouts/application (Duration: 4.8ms | Allocations: 3839)
[Webpacker] Everything's up-to-date. Nothing to do
  Rendered layout layouts/application.html.erb (Duration: 15.0ms | Allocations: 7953)
Completed 200 OK in 17ms (Views: 16.3ms | ActiveRecord: 0.0ms | Allocations: 8332)


Started GET "/books/new" for ::1 at 2021-11-22 12:03:18 -0500
Processing by BooksController#new as HTML
  Rendering layout layouts/application.html.erb
  Rendering books/new.html.erb within layouts/application
  Rendered books/new.html.erb within layouts/application (Duration: 2.7ms | Allocations: 3835)
[Webpacker] Everything's up-to-date. Nothing to do
  Rendered layout layouts/application.html.erb (Duration: 7.4ms | Allocations: 7211)
Completed 200 OK in 8ms (Views: 7.9ms | ActiveRecord: 0.0ms | Allocations: 7589)


Started POST "/books/new" for ::1 at 2021-11-22 12:03:50 -0500
  
ActionController::RoutingError (No route matches [POST] "/books/new"):
  
Started GET "/books/new" for ::1 at 2021-11-22 12:06:30 -0500
Processing by BooksController#new as HTML
  Rendering layout layouts/application.html.erb
  Rendering books/new.html.erb within layouts/application
  Rendered books/new.html.erb within layouts/application (Duration: 1.8ms | Allocations: 4196)
[Webpacker] Everything's up-to-date. Nothing to do
  Rendered layout layouts/application.html.erb (Duration: 7.4ms | Allocations: 7583)
Completed 200 OK in 9ms (Views: 8.2ms | Allocations: 8078)


Started GET "/books/new" for ::1 at 2021-11-22 12:06:35 -0500
Processing by BooksController#new as HTML
  Rendering layout layouts/application.html.erb
  Rendering books/new.html.erb within layouts/application
  Rendered books/new.html.erb within layouts/application (Duration: 2.3ms | Allocations: 3836)
[Webpacker] Everything's up-to-date. Nothing to do
  Rendered layout layouts/application.html.erb (Duration: 8.7ms | Allocations: 7212)
Completed 200 OK in 10ms (Views: 9.4ms | Allocations: 7587)


Started POST "/books/new" for ::1 at 2021-11-22 12:06:49 -0500
  
ActionController::RoutingError (No route matches [POST] "/books/new"):
  
Started POST "/books/new" for ::1 at 2021-11-22 12:12:32 -0500
  
ActionController::RoutingError (No route matches [POST] "/books/new"):
  
Started GET "/books/" for ::1 at 2021-11-22 12:12:36 -0500
Processing by BooksController#index as HTML
  Rendering layout layouts/application.html.erb
  Rendering books/index.html.erb within layouts/application
  [1m[35m (0.1ms)[0m  [1m[34mSELECT sqlite_version(*)[0m
  ↳ app/views/books/index.html.erb:4
  [1m[36mBook Load (0.2ms)[0m  [1m[34mSELECT "books".* FROM "books"[0m
  ↳ app/views/books/index.html.erb:4
  Rendered books/index.html.erb within layouts/application (Duration: 11.9ms | Allocations: 4981)
[Webpacker] Everything's up-to-date. Nothing to do
  Rendered layout layouts/application.html.erb (Duration: 23.8ms | Allocations: 8652)
Completed 200 OK in 32ms (Views: 26.2ms | ActiveRecord: 1.3ms | Allocations: 10260)


Started GET "/books/new" for ::1 at 2021-11-22 12:12:38 -0500
Processing by BooksController#new as HTML
  Rendering layout layouts/application.html.erb
  Rendering books/new.html.erb within layouts/application
  Rendered books/new.html.erb within layouts/application (Duration: 2.9ms | Allocations: 2641)
  Rendered layout layouts/application.html.erb (Duration: 3.1ms | Allocations: 2705)
Completed 500 Internal Server Error in 5ms (ActiveRecord: 0.0ms | Allocations: 3152)


  
ActionView::Template::Error (undefined method `errors' for nil:NilClass):
    4:   <div>
    5:     <%= form.label :title %><br>
    6:     <%= form.text_field :title %>
    7:     <% @book.errors.full_messages_for(:title).each do |message| %>
    8:         <div><%= message %></div>
    9:       <% end %>
   10:   </div>
  
app/views/books/new.html.erb:7
app/views/books/new.html.erb:3
Started GET "/books/new" for ::1 at 2021-11-22 12:13:43 -0500
Processing by BooksController#new as HTML
  [1m[35m (0.1ms)[0m  [1m[34mSELECT sqlite_version(*)[0m
  ↳ app/controllers/books_controller.rb:21:in `new'
  Rendering layout layouts/application.html.erb
  Rendering books/new.html.erb within layouts/application
  Rendered books/new.html.erb within layouts/application (Duration: 2.1ms | Allocations: 1292)
[Webpacker] Everything's up-to-date. Nothing to do
  Rendered layout layouts/application.html.erb (Duration: 12.7ms | Allocations: 4769)
Completed 200 OK in 23ms (Views: 13.5ms | ActiveRecord: 1.1ms | Allocations: 9492)


Started GET "/" for ::1 at 2021-11-22 12:13:49 -0500
Processing by BooksController#index as HTML
  Rendering layout layouts/application.html.erb
  Rendering books/index.html.erb within layouts/application
  [1m[36mBook Load (0.3ms)[0m  [1m[34mSELECT "books".* FROM "books"[0m
  ↳ app/views/books/index.html.erb:4
  Rendered books/index.html.erb within layouts/application (Duration: 3.4ms | Allocations: 800)
[Webpacker] Everything's up-to-date. Nothing to do
  Rendered layout layouts/application.html.erb (Duration: 10.7ms | Allocations: 4288)
Completed 200 OK in 12ms (Views: 11.1ms | ActiveRecord: 0.3ms | Allocations: 4697)


Started GET "/books/new" for ::1 at 2021-11-22 12:13:51 -0500
Processing by BooksController#new as HTML
  Rendering layout layouts/application.html.erb
  Rendering books/new.html.erb within layouts/application
  Rendered books/new.html.erb within layouts/application (Duration: 2.5ms | Allocations: 1053)
[Webpacker] Everything's up-to-date. Nothing to do
  Rendered layout layouts/application.html.erb (Duration: 9.5ms | Allocations: 4540)
Completed 200 OK in 11ms (Views: 10.1ms | ActiveRecord: 0.0ms | Allocations: 4933)


Started POST "/books" for ::1 at 2021-11-22 12:14:05 -0500
Processing by BooksController#create as HTML
  Parameters: {"authenticity_token"=>"[FILTERED]", "book"=>{"title"=>"A Wizard of Earthsea", "author"=>"Ursula K Le Guin", "read"=>"0", "library"=>"0"}, "commit"=>"Create Book"}
  Rendering layout layouts/application.html.erb
  Rendering books/new.html.erb within layouts/application
  Rendered books/new.html.erb within layouts/application (Duration: 3.4ms | Allocations: 2231)
[Webpacker] Everything's up-to-date. Nothing to do
  Rendered layout layouts/application.html.erb (Duration: 10.4ms | Allocations: 5640)
Completed 422 Unprocessable Entity in 14ms (Views: 11.2ms | ActiveRecord: 0.0ms | Allocations: 6801)


Started GET "/" for ::1 at 2021-11-22 12:14:18 -0500
Processing by BooksController#index as HTML
  Rendering layout layouts/application.html.erb
  Rendering books/index.html.erb within layouts/application
  [1m[36mBook Load (0.3ms)[0m  [1m[34mSELECT "books".* FROM "books"[0m
  ↳ app/views/books/index.html.erb:4
  Rendered books/index.html.erb within layouts/application (Duration: 3.4ms | Allocations: 776)
[Webpacker] Everything's up-to-date. Nothing to do
  Rendered layout layouts/application.html.erb (Duration: 9.2ms | Allocations: 4264)
Completed 200 OK in 11ms (Views: 9.5ms | ActiveRecord: 0.3ms | Allocations: 4657)


Started GET "/books/new" for ::1 at 2021-11-22 12:14:20 -0500
Processing by BooksController#new as HTML
  Rendering layout layouts/application.html.erb
  Rendering books/new.html.erb within layouts/application
  Rendered books/new.html.erb within layouts/application (Duration: 3.2ms | Allocations: 1053)
[Webpacker] Everything's up-to-date. Nothing to do
  Rendered layout layouts/application.html.erb (Duration: 15.7ms | Allocations: 4540)
Completed 200 OK in 18ms (Views: 17.0ms | ActiveRecord: 0.0ms | Allocations: 4938)


Started POST "/books" for ::1 at 2021-11-22 12:14:23 -0500
Processing by BooksController#create as HTML
  Parameters: {"authenticity_token"=>"[FILTERED]", "book"=>{"title"=>"", "author"=>"", "read"=>"0", "library"=>"0"}, "commit"=>"Create Book"}
  Rendering layout layouts/application.html.erb
  Rendering books/new.html.erb within layouts/application
  Rendered books/new.html.erb within layouts/application (Duration: 7.8ms | Allocations: 3675)
[Webpacker] Everything's up-to-date. Nothing to do
  Rendered layout layouts/application.html.erb (Duration: 13.5ms | Allocations: 7084)
Completed 422 Unprocessable Entity in 17ms (Views: 14.1ms | ActiveRecord: 0.0ms | Allocations: 8115)


Started POST "/books" for ::1 at 2021-11-22 12:14:42 -0500
Processing by BooksController#create as HTML
  Parameters: {"authenticity_token"=>"[FILTERED]", "book"=>{"title"=>"A Wizard of Earthsea", "author"=>"Ursula K Le Guin", "read"=>"0", "library"=>"0"}, "commit"=>"Create Book"}
  Rendering layout layouts/application.html.erb
  Rendering books/new.html.erb within layouts/application
  Rendered books/new.html.erb within layouts/application (Duration: 3.3ms | Allocations: 2146)
[Webpacker] Everything's up-to-date. Nothing to do
  Rendered layout layouts/application.html.erb (Duration: 10.7ms | Allocations: 5555)
Completed 422 Unprocessable Entity in 13ms (Views: 11.3ms | ActiveRecord: 0.0ms | Allocations: 6544)


  [1m[36mBook Load (2.1ms)[0m  [1m[34mSELECT "books".* FROM "books" /* loading for inspect */ LIMIT ?[0m  [["LIMIT", 11]]
Started GET "/books" for ::1 at 2021-11-22 12:15:50 -0500
Processing by BooksController#index as HTML
  Rendering layout layouts/application.html.erb
  Rendering books/index.html.erb within layouts/application
  [1m[35m (0.1ms)[0m  [1m[34mSELECT sqlite_version(*)[0m
  ↳ app/views/books/index.html.erb:4
  [1m[36mBook Load (0.2ms)[0m  [1m[34mSELECT "books".* FROM "books"[0m
  ↳ app/views/books/index.html.erb:4
  Rendered books/index.html.erb within layouts/application (Duration: 9.2ms | Allocations: 4904)
[Webpacker] Everything's up-to-date. Nothing to do
  Rendered layout layouts/application.html.erb (Duration: 15.2ms | Allocations: 8554)
Completed 200 OK in 20ms (Views: 16.8ms | ActiveRecord: 0.9ms | Allocations: 10017)


Started GET "/books/new" for ::1 at 2021-11-22 12:15:51 -0500
Processing by BooksController#new as HTML
  Rendering layout layouts/application.html.erb
  Rendering books/new.html.erb within layouts/application
  Rendered books/new.html.erb within layouts/application (Duration: 3.4ms | Allocations: 1416)
[Webpacker] Everything's up-to-date. Nothing to do
  Rendered layout layouts/application.html.erb (Duration: 9.8ms | Allocations: 4904)
Completed 200 OK in 12ms (Views: 10.4ms | ActiveRecord: 0.0ms | Allocations: 5423)


Started POST "/books" for ::1 at 2021-11-22 12:16:02 -0500
Processing by BooksController#create as HTML
  Parameters: {"authenticity_token"=>"[FILTERED]", "book"=>{"title"=>"A Wizard of Earthsea", "author"=>"Ursula K Le Guin", "read"=>"0", "library"=>"0"}, "commit"=>"Create Book"}
  [1m[36mTRANSACTION (0.1ms)[0m  [1m[36mbegin transaction[0m
  ↳ app/controllers/books_controller.rb:13:in `create'
  [1m[36mBook Create (1.0ms)[0m  [1m[32mINSERT INTO "books" ("title", "author", "read", "library", "created_at", "updated_at") VALUES (?, ?, ?, ?, ?, ?)[0m  [["title", "A Wizard of Earthsea"], ["author", "Ursula K Le Guin"], ["read", 0], ["library", 0], ["created_at", "2021-11-22 17:16:02.976605"], ["updated_at", "2021-11-22 17:16:02.976605"]]
  ↳ app/controllers/books_controller.rb:13:in `create'
  [1m[36mTRANSACTION (1.8ms)[0m  [1m[36mcommit transaction[0m
  ↳ app/controllers/books_controller.rb:13:in `create'
Redirected to http://localhost:3000/books/3
Completed 302 Found in 12ms (ActiveRecord: 2.9ms | Allocations: 2537)


Started GET "/books/3" for ::1 at 2021-11-22 12:16:02 -0500
Processing by BooksController#show as HTML
  Parameters: {"id"=>"3"}
  [1m[36mBook Load (0.4ms)[0m  [1m[34mSELECT "books".* FROM "books" WHERE "books"."id" = ? LIMIT ?[0m  [["id", 3], ["LIMIT", 1]]
  ↳ app/controllers/books_controller.rb:7:in `show'
  Rendering layout layouts/application.html.erb
  Rendering books/show.html.erb within layouts/application
  Rendered books/show.html.erb within layouts/application (Duration: 1.7ms | Allocations: 136)
[Webpacker] Everything's up-to-date. Nothing to do
  Rendered layout layouts/application.html.erb (Duration: 9.5ms | Allocations: 3628)
Completed 200 OK in 14ms (Views: 10.3ms | ActiveRecord: 0.4ms | Allocations: 4798)


Started GET "/books/3" for ::1 at 2021-11-22 12:16:05 -0500
Processing by BooksController#show as HTML
  Parameters: {"id"=>"3"}
  [1m[36mBook Load (0.2ms)[0m  [1m[34mSELECT "books".* FROM "books" WHERE "books"."id" = ? LIMIT ?[0m  [["id", 3], ["LIMIT", 1]]
  ↳ app/controllers/books_controller.rb:7:in `show'
  Rendering layout layouts/application.html.erb
  Rendering books/show.html.erb within layouts/application
  Rendered books/show.html.erb within layouts/application (Duration: 0.1ms | Allocations: 40)
[Webpacker] Everything's up-to-date. Nothing to do
  Rendered layout layouts/application.html.erb (Duration: 6.4ms | Allocations: 3529)
Completed 200 OK in 10ms (Views: 6.9ms | ActiveRecord: 0.2ms | Allocations: 4446)


Started GET "/" for ::1 at 2021-11-22 12:16:08 -0500
Processing by BooksController#index as HTML
  Rendering layout layouts/application.html.erb
  Rendering books/index.html.erb within layouts/application
  [1m[36mBook Load (0.2ms)[0m  [1m[34mSELECT "books".* FROM "books"[0m
  ↳ app/views/books/index.html.erb:4
  Rendered books/index.html.erb within layouts/application (Duration: 3.1ms | Allocations: 812)
[Webpacker] Everything's up-to-date. Nothing to do
  Rendered layout layouts/application.html.erb (Duration: 11.2ms | Allocations: 4300)
Completed 200 OK in 13ms (Views: 11.8ms | ActiveRecord: 0.2ms | Allocations: 4687)


Started GET "/" for ::1 at 2021-11-22 12:18:41 -0500
Processing by BooksController#index as HTML
  Rendering layout layouts/application.html.erb
  Rendering books/index.html.erb within layouts/application
  [1m[35m (0.1ms)[0m  [1m[34mSELECT sqlite_version(*)[0m
  ↳ app/views/books/index.html.erb:4
  [1m[36mBook Load (0.3ms)[0m  [1m[34mSELECT "books".* FROM "books"[0m
  ↳ app/views/books/index.html.erb:4
  Rendered books/index.html.erb within layouts/application (Duration: 10.6ms | Allocations: 4748)
[Webpacker] Everything's up-to-date. Nothing to do
  Rendered layout layouts/application.html.erb (Duration: 21.3ms | Allocations: 8228)
Completed 200 OK in 25ms (Views: 22.1ms | ActiveRecord: 1.6ms | Allocations: 9074)


Started GET "/books/3" for ::1 at 2021-11-22 12:18:43 -0500
Processing by BooksController#show as HTML
  Parameters: {"id"=>"3"}
  [1m[36mBook Load (0.5ms)[0m  [1m[34mSELECT "books".* FROM "books" WHERE "books"."id" = ? LIMIT ?[0m  [["id", 3], ["LIMIT", 1]]
  ↳ app/controllers/books_controller.rb:7:in `show'
  Rendering layout layouts/application.html.erb
  Rendering books/show.html.erb within layouts/application
  Rendered books/show.html.erb within layouts/application (Duration: 0.2ms | Allocations: 41)
[Webpacker] Everything's up-to-date. Nothing to do
  Rendered layout layouts/application.html.erb (Duration: 10.4ms | Allocations: 4292)
Completed 200 OK in 16ms (Views: 11.5ms | ActiveRecord: 0.5ms | Allocations: 5317)


Started GET "/books/3" for ::1 at 2021-11-22 12:23:22 -0500
Processing by BooksController#show as HTML
  Parameters: {"id"=>"3"}
  [1m[36mBook Load (0.2ms)[0m  [1m[34mSELECT "books".* FROM "books" WHERE "books"."id" = ? LIMIT ?[0m  [["id", 3], ["LIMIT", 1]]
  ↳ app/controllers/books_controller.rb:7:in `show'
  Rendering layout layouts/application.html.erb
  Rendering books/show.html.erb within layouts/application
  Rendered books/show.html.erb within layouts/application (Duration: 1.3ms | Allocations: 140)
[Webpacker] Everything's up-to-date. Nothing to do
  Rendered layout layouts/application.html.erb (Duration: 14.3ms | Allocations: 3802)
Completed 200 OK in 23ms (Views: 19.3ms | ActiveRecord: 0.2ms | Allocations: 5420)


Started GET "/books/3/edit" for ::1 at 2021-11-22 12:23:27 -0500
Processing by BooksController#edit as HTML
  Parameters: {"id"=>"3"}
  [1m[36mBook Load (0.3ms)[0m  [1m[34mSELECT "books".* FROM "books" WHERE "books"."id" = ? LIMIT ?[0m  [["id", 3], ["LIMIT", 1]]
  ↳ app/controllers/books_controller.rb:25:in `edit'
  Rendering layout layouts/application.html.erb
  Rendering books/edit.html.erb within layouts/application
  Rendered books/_form.html.erb (Duration: 3.2ms | Allocations: 1466)
  Rendered books/edit.html.erb within layouts/application (Duration: 5.4ms | Allocations: 1764)
[Webpacker] Everything's up-to-date. Nothing to do
  Rendered layout layouts/application.html.erb (Duration: 11.7ms | Allocations: 5252)
Completed 200 OK in 17ms (Views: 12.8ms | ActiveRecord: 0.3ms | Allocations: 6287)


Started GET "/books" for ::1 at 2021-11-22 12:23:41 -0500
Processing by BooksController#index as HTML
  Rendering layout layouts/application.html.erb
  Rendering books/index.html.erb within layouts/application
  [1m[36mBook Load (0.3ms)[0m  [1m[34mSELECT "books".* FROM "books"[0m
  ↳ app/views/books/index.html.erb:4
  Rendered books/index.html.erb within layouts/application (Duration: 4.6ms | Allocations: 983)
[Webpacker] Everything's up-to-date. Nothing to do
  Rendered layout layouts/application.html.erb (Duration: 11.3ms | Allocations: 4474)
Completed 200 OK in 13ms (Views: 11.7ms | ActiveRecord: 0.3ms | Allocations: 4987)


Started GET "/books/3" for ::1 at 2021-11-22 12:23:43 -0500
Processing by BooksController#show as HTML
  Parameters: {"id"=>"3"}
  [1m[36mBook Load (0.2ms)[0m  [1m[34mSELECT "books".* FROM "books" WHERE "books"."id" = ? LIMIT ?[0m  [["id", 3], ["LIMIT", 1]]
  ↳ app/controllers/books_controller.rb:7:in `show'
  Rendering layout layouts/application.html.erb
  Rendering books/show.html.erb within layouts/application
  Rendered books/show.html.erb within layouts/application (Duration: 0.1ms | Allocations: 40)
[Webpacker] Everything's up-to-date. Nothing to do
  Rendered layout layouts/application.html.erb (Duration: 8.1ms | Allocations: 3529)
Completed 200 OK in 11ms (Views: 8.7ms | ActiveRecord: 0.2ms | Allocations: 4442)


Started GET "/books/3" for ::1 at 2021-11-22 12:24:09 -0500
Processing by BooksController#show as HTML
  Parameters: {"id"=>"3"}
  [1m[36mBook Load (0.3ms)[0m  [1m[34mSELECT "books".* FROM "books" WHERE "books"."id" = ? LIMIT ?[0m  [["id", 3], ["LIMIT", 1]]
  ↳ app/controllers/books_controller.rb:7:in `show'
  Rendering layout layouts/application.html.erb
  Rendering books/show.html.erb within layouts/application
  Rendered books/show.html.erb within layouts/application (Duration: 0.7ms | Allocations: 194)
[Webpacker] Everything's up-to-date. Nothing to do
  Rendered layout layouts/application.html.erb (Duration: 6.1ms | Allocations: 3865)
Completed 200 OK in 16ms (Views: 12.2ms | ActiveRecord: 0.3ms | Allocations: 5480)


Started GET "/books/3/edit" for ::1 at 2021-11-22 12:24:10 -0500
Processing by BooksController#edit as HTML
  Parameters: {"id"=>"3"}
  [1m[36mBook Load (0.3ms)[0m  [1m[34mSELECT "books".* FROM "books" WHERE "books"."id" = ? LIMIT ?[0m  [["id", 3], ["LIMIT", 1]]
  ↳ app/controllers/books_controller.rb:25:in `edit'
  Rendering layout layouts/application.html.erb
  Rendering books/edit.html.erb within layouts/application
  Rendered books/_form.html.erb (Duration: 3.8ms | Allocations: 1442)
  Rendered books/edit.html.erb within layouts/application (Duration: 6.3ms | Allocations: 1740)
[Webpacker] Everything's up-to-date. Nothing to do
  Rendered layout layouts/application.html.erb (Duration: 16.7ms | Allocations: 5974)
Completed 200 OK in 22ms (Views: 17.8ms | ActiveRecord: 0.3ms | Allocations: 7013)


Started GET "/books/3/edit" for ::1 at 2021-11-22 12:37:15 -0500
Processing by BooksController#edit as HTML
  Parameters: {"id"=>"3"}
  [1m[35m (0.1ms)[0m  [1m[34mSELECT sqlite_version(*)[0m
  ↳ app/controllers/books_controller.rb:25:in `edit'
  [1m[36mBook Load (0.3ms)[0m  [1m[34mSELECT "books".* FROM "books" WHERE "books"."id" = ? LIMIT ?[0m  [["id", 3], ["LIMIT", 1]]
  ↳ app/controllers/books_controller.rb:25:in `edit'
  Rendering layout layouts/application.html.erb
  Rendering books/edit.html.erb within layouts/application
  Rendered books/_form.html.erb (Duration: 2.8ms | Allocations: 1498)
  Rendered books/edit.html.erb within layouts/application (Duration: 4.1ms | Allocations: 1794)
[Webpacker] Everything's up-to-date. Nothing to do
  Rendered layout layouts/application.html.erb (Duration: 19.5ms | Allocations: 5443)
Completed 200 OK in 32ms (Views: 21.2ms | ActiveRecord: 0.6ms | Allocations: 10881)


Started GET "/" for ::1 at 2021-11-22 12:37:18 -0500
Processing by BooksController#index as HTML
  Rendering layout layouts/application.html.erb
  Rendering books/index.html.erb within layouts/application
  [1m[36mBook Load (0.3ms)[0m  [1m[34mSELECT "books".* FROM "books"[0m
  ↳ app/views/books/index.html.erb:4
  Rendered books/index.html.erb within layouts/application (Duration: 3.9ms | Allocations: 1003)
[Webpacker] Everything's up-to-date. Nothing to do
  Rendered layout layouts/application.html.erb (Duration: 10.3ms | Allocations: 4494)
Completed 200 OK in 12ms (Views: 10.8ms | ActiveRecord: 0.3ms | Allocations: 5007)


Started GET "/books/3" for ::1 at 2021-11-22 12:37:20 -0500
Processing by BooksController#show as HTML
  Parameters: {"id"=>"3"}
  [1m[36mBook Load (0.2ms)[0m  [1m[34mSELECT "books".* FROM "books" WHERE "books"."id" = ? LIMIT ?[0m  [["id", 3], ["LIMIT", 1]]
  ↳ app/controllers/books_controller.rb:7:in `show'
  Rendering layout layouts/application.html.erb
  Rendering books/show.html.erb within layouts/application
  Rendered books/show.html.erb within layouts/application (Duration: 1.9ms | Allocations: 248)
[Webpacker] Everything's up-to-date. Nothing to do
  Rendered layout layouts/application.html.erb (Duration: 18.0ms | Allocations: 4469)
Completed 200 OK in 24ms (Views: 19.0ms | ActiveRecord: 0.2ms | Allocations: 5507)


Started GET "/books/3" for ::1 at 2021-11-22 12:38:44 -0500
Processing by BooksController#show as HTML
  Parameters: {"id"=>"3"}
  [1m[36mBook Load (0.2ms)[0m  [1m[34mSELECT "books".* FROM "books" WHERE "books"."id" = ? LIMIT ?[0m  [["id", 3], ["LIMIT", 1]]
  ↳ app/controllers/books_controller.rb:7:in `show'
  Rendering layout layouts/application.html.erb
  Rendering books/show.html.erb within layouts/application
  Rendered books/show.html.erb within layouts/application (Duration: 0.3ms | Allocations: 105)
[Webpacker] Everything's up-to-date. Nothing to do
  Rendered layout layouts/application.html.erb (Duration: 43.9ms | Allocations: 8525)
Completed 200 OK in 47ms (Views: 44.4ms | ActiveRecord: 0.2ms | Allocations: 9435)


Started GET "/books/3" for ::1 at 2021-11-22 12:38:46 -0500
Processing by BooksController#show as HTML
  Parameters: {"id"=>"3"}
  [1m[36mBook Load (0.3ms)[0m  [1m[34mSELECT "books".* FROM "books" WHERE "books"."id" = ? LIMIT ?[0m  [["id", 3], ["LIMIT", 1]]
  ↳ app/controllers/books_controller.rb:7:in `show'
  Rendering layout layouts/application.html.erb
  Rendering books/show.html.erb within layouts/application
  Rendered books/show.html.erb within layouts/application (Duration: 0.7ms | Allocations: 105)
[Webpacker] Everything's up-to-date. Nothing to do
  Rendered layout layouts/application.html.erb (Duration: 9.3ms | Allocations: 3601)
Completed 200 OK in 13ms (Views: 9.8ms | ActiveRecord: 0.3ms | Allocations: 4511)


Started GET "/books/3" for ::1 at 2021-11-22 12:39:07 -0500
Processing by BooksController#show as HTML
  Parameters: {"id"=>"3"}
  [1m[36mBook Load (0.2ms)[0m  [1m[34mSELECT "books".* FROM "books" WHERE "books"."id" = ? LIMIT ?[0m  [["id", 3], ["LIMIT", 1]]
  ↳ app/controllers/books_controller.rb:7:in `show'
  Rendering layout layouts/application.html.erb
  Rendering books/show.html.erb within layouts/application
  Rendered books/show.html.erb within layouts/application (Duration: 0.3ms | Allocations: 105)
[Webpacker] Everything's up-to-date. Nothing to do
  Rendered layout layouts/application.html.erb (Duration: 21.9ms | Allocations: 8720)
Completed 200 OK in 25ms (Views: 22.5ms | ActiveRecord: 0.2ms | Allocations: 9629)


Started GET "/books/3" for ::1 at 2021-11-22 12:41:15 -0500
Processing by BooksController#show as HTML
  Parameters: {"id"=>"3"}
  [1m[36mBook Load (0.2ms)[0m  [1m[34mSELECT "books".* FROM "books" WHERE "books"."id" = ? LIMIT ?[0m  [["id", 3], ["LIMIT", 1]]
  ↳ app/controllers/books_controller.rb:7:in `show'
  Rendering layout layouts/application.html.erb
  Rendering books/show.html.erb within layouts/application
  Rendered books/show.html.erb within layouts/application (Duration: 5.0ms | Allocations: 4227)
  Rendered layout layouts/application.html.erb (Duration: 5.2ms | Allocations: 4291)
Completed 500 Internal Server Error in 13ms (ActiveRecord: 0.2ms | Allocations: 5881)


  
ActionView::Template::Error (undefined local variable or method `root' for #<ActionView::Base:0x00000000010ba8>):
    1: <h6><%= link_to "Home", root %></h6>
    2: 
    3: <h1><%= @book.title %></h1>
    4: 
  
app/views/books/show.html.erb:1
Started GET "/books/3" for ::1 at 2021-11-22 12:41:24 -0500
Processing by BooksController#show as HTML
  Parameters: {"id"=>"3"}
  [1m[36mBook Load (0.2ms)[0m  [1m[34mSELECT "books".* FROM "books" WHERE "books"."id" = ? LIMIT ?[0m  [["id", 3], ["LIMIT", 1]]
  ↳ app/controllers/books_controller.rb:7:in `show'
  Rendering layout layouts/application.html.erb
  Rendering books/show.html.erb within layouts/application
  Rendered books/show.html.erb within layouts/application (Duration: 1.1ms | Allocations: 275)
[Webpacker] Everything's up-to-date. Nothing to do
  Rendered layout layouts/application.html.erb (Duration: 15.2ms | Allocations: 3946)
Completed 200 OK in 23ms (Views: 19.4ms | ActiveRecord: 0.2ms | Allocations: 5564)


Started GET "/" for ::1 at 2021-11-22 12:41:26 -0500
Processing by BooksController#index as HTML
  Rendering layout layouts/application.html.erb
  Rendering books/index.html.erb within layouts/application
  [1m[36mBook Load (0.2ms)[0m  [1m[34mSELECT "books".* FROM "books"[0m
  ↳ app/views/books/index.html.erb:4
  Rendered books/index.html.erb within layouts/application (Duration: 3.3ms | Allocations: 983)
[Webpacker] Everything's up-to-date. Nothing to do
  Rendered layout layouts/application.html.erb (Duration: 9.8ms | Allocations: 4474)
Completed 200 OK in 11ms (Views: 10.1ms | ActiveRecord: 0.2ms | Allocations: 4990)


Started GET "/books/2" for ::1 at 2021-11-22 12:41:29 -0500
Processing by BooksController#show as HTML
  Parameters: {"id"=>"2"}
  [1m[36mBook Load (0.3ms)[0m  [1m[34mSELECT "books".* FROM "books" WHERE "books"."id" = ? LIMIT ?[0m  [["id", 2], ["LIMIT", 1]]
  ↳ app/controllers/books_controller.rb:7:in `show'
  Rendering layout layouts/application.html.erb
  Rendering books/show.html.erb within layouts/application
  Rendered books/show.html.erb within layouts/application (Duration: 0.4ms | Allocations: 122)
[Webpacker] Everything's up-to-date. Nothing to do
  Rendered layout layouts/application.html.erb (Duration: 10.1ms | Allocations: 3610)
Completed 200 OK in 15ms (Views: 11.1ms | ActiveRecord: 0.3ms | Allocations: 4523)


Started GET "/" for ::1 at 2021-11-22 12:41:30 -0500
Processing by BooksController#index as HTML
  Rendering layout layouts/application.html.erb
  Rendering books/index.html.erb within layouts/application
  [1m[36mBook Load (0.4ms)[0m  [1m[34mSELECT "books".* FROM "books"[0m
  ↳ app/views/books/index.html.erb:4
  Rendered books/index.html.erb within layouts/application (Duration: 5.1ms | Allocations: 805)
[Webpacker] Everything's up-to-date. Nothing to do
  Rendered layout layouts/application.html.erb (Duration: 14.3ms | Allocations: 4293)
Completed 200 OK in 17ms (Views: 15.0ms | ActiveRecord: 0.4ms | Allocations: 4683)


Started GET "/books/new" for ::1 at 2021-11-22 12:41:31 -0500
Processing by BooksController#new as HTML
  Rendering layout layouts/application.html.erb
  Rendering books/new.html.erb within layouts/application
  Rendered books/_form.html.erb (Duration: 3.7ms | Allocations: 1412)
  Rendered books/new.html.erb within layouts/application (Duration: 6.3ms | Allocations: 1708)
[Webpacker] Everything's up-to-date. Nothing to do
  Rendered layout layouts/application.html.erb (Duration: 16.5ms | Allocations: 5919)
Completed 200 OK in 19ms (Views: 17.4ms | ActiveRecord: 0.0ms | Allocations: 6440)


Started GET "/books/1" for ::1 at 2021-11-22 12:41:47 -0500
Processing by BooksController#show as HTML
  Parameters: {"id"=>"1"}
  [1m[36mBook Load (0.2ms)[0m  [1m[34mSELECT "books".* FROM "books" WHERE "books"."id" = ? LIMIT ?[0m  [["id", 1], ["LIMIT", 1]]
  ↳ app/controllers/books_controller.rb:7:in `show'
  Rendering layout layouts/application.html.erb
  Rendering books/show.html.erb within layouts/application
  Rendered books/show.html.erb within layouts/application (Duration: 1.3ms | Allocations: 274)
[Webpacker] Everything's up-to-date. Nothing to do
  Rendered layout layouts/application.html.erb (Duration: 8.3ms | Allocations: 3935)
Completed 200 OK in 15ms (Views: 11.9ms | ActiveRecord: 0.2ms | Allocations: 5551)


Started GET "/" for ::1 at 2021-11-22 12:41:48 -0500
Processing by BooksController#index as HTML
  Rendering layout layouts/application.html.erb
  Rendering books/index.html.erb within layouts/application
  [1m[36mBook Load (0.4ms)[0m  [1m[34mSELECT "books".* FROM "books"[0m
  ↳ app/views/books/index.html.erb:4
  Rendered books/index.html.erb within layouts/application (Duration: 6.1ms | Allocations: 983)
[Webpacker] Everything's up-to-date. Nothing to do
  Rendered layout layouts/application.html.erb (Duration: 17.1ms | Allocations: 4474)
Completed 200 OK in 20ms (Views: 17.9ms | ActiveRecord: 0.4ms | Allocations: 4989)


Started GET "/books/new" for ::1 at 2021-11-22 12:41:49 -0500
Processing by BooksController#new as HTML
  Rendering layout layouts/application.html.erb
  Rendering books/new.html.erb within layouts/application
  Rendered books/_form.html.erb (Duration: 4.9ms | Allocations: 1449)
  Rendered books/new.html.erb within layouts/application (Duration: 7.3ms | Allocations: 1744)
[Webpacker] Everything's up-to-date. Nothing to do
  Rendered layout layouts/application.html.erb (Duration: 14.1ms | Allocations: 5232)
Completed 200 OK in 17ms (Views: 14.8ms | ActiveRecord: 0.0ms | Allocations: 5750)


Started GET "/" for ::1 at 2021-11-22 12:41:51 -0500
Processing by BooksController#index as HTML
  Rendering layout layouts/application.html.erb
  Rendering books/index.html.erb within layouts/application
  [1m[36mBook Load (0.4ms)[0m  [1m[34mSELECT "books".* FROM "books"[0m
  ↳ app/views/books/index.html.erb:4
  Rendered books/index.html.erb within layouts/application (Duration: 5.2ms | Allocations: 808)
[Webpacker] Everything's up-to-date. Nothing to do
  Rendered layout layouts/application.html.erb (Duration: 19.0ms | Allocations: 4296)
Completed 200 OK in 22ms (Views: 20.2ms | ActiveRecord: 0.4ms | Allocations: 4688)


Started GET "/books/new" for ::1 at 2021-11-22 12:43:07 -0500
Processing by BooksController#new as HTML
  Rendering layout layouts/application.html.erb
  Rendering books/new.html.erb within layouts/application
  Rendered books/_form.html.erb (Duration: 3.2ms | Allocations: 1400)
  Rendered books/new.html.erb within layouts/application (Duration: 4.7ms | Allocations: 1748)
[Webpacker] Everything's up-to-date. Nothing to do
  Rendered layout layouts/application.html.erb (Duration: 16.1ms | Allocations: 5416)
Completed 200 OK in 23ms (Views: 21.2ms | ActiveRecord: 0.0ms | Allocations: 6516)


Started GET "/books/new" for ::1 at 2021-11-22 12:43:09 -0500
Processing by BooksController#new as HTML
  Rendering layout layouts/application.html.erb
  Rendering books/new.html.erb within layouts/application
  Rendered books/_form.html.erb (Duration: 3.6ms | Allocations: 1054)
  Rendered books/new.html.erb within layouts/application (Duration: 4.1ms | Allocations: 1173)
[Webpacker] Everything's up-to-date. Nothing to do
  Rendered layout layouts/application.html.erb (Duration: 10.5ms | Allocations: 4660)
Completed 200 OK in 12ms (Views: 11.2ms | ActiveRecord: 0.0ms | Allocations: 5051)


Started GET "/" for ::1 at 2021-11-22 12:43:11 -0500
Processing by BooksController#index as HTML
  Rendering layout layouts/application.html.erb
  Rendering books/index.html.erb within layouts/application
  [1m[36mBook Load (0.2ms)[0m  [1m[34mSELECT "books".* FROM "books"[0m
  ↳ app/views/books/index.html.erb:4
  Rendered books/index.html.erb within layouts/application (Duration: 3.1ms | Allocations: 983)
[Webpacker] Everything's up-to-date. Nothing to do
  Rendered layout layouts/application.html.erb (Duration: 10.5ms | Allocations: 4474)
Completed 200 OK in 12ms (Views: 11.0ms | ActiveRecord: 0.2ms | Allocations: 4989)


Started GET "/books/1" for ::1 at 2021-11-22 12:43:12 -0500
Processing by BooksController#show as HTML
  Parameters: {"id"=>"1"}
  [1m[36mBook Load (0.2ms)[0m  [1m[34mSELECT "books".* FROM "books" WHERE "books"."id" = ? LIMIT ?[0m  [["id", 1], ["LIMIT", 1]]
  ↳ app/controllers/books_controller.rb:7:in `show'
  Rendering layout layouts/application.html.erb
  Rendering books/show.html.erb within layouts/application
  Rendered books/show.html.erb within layouts/application (Duration: 2.4ms | Allocations: 274)
[Webpacker] Everything's up-to-date. Nothing to do
  Rendered layout layouts/application.html.erb (Duration: 13.2ms | Allocations: 4356)
Completed 200 OK in 18ms (Views: 14.1ms | ActiveRecord: 0.2ms | Allocations: 5402)


Started GET "/" for ::1 at 2021-11-22 12:43:13 -0500
Processing by BooksController#index as HTML
  Rendering layout layouts/application.html.erb
  Rendering books/index.html.erb within layouts/application
  [1m[36mBook Load (0.3ms)[0m  [1m[34mSELECT "books".* FROM "books"[0m
  ↳ app/views/books/index.html.erb:4
  Rendered books/index.html.erb within layouts/application (Duration: 4.7ms | Allocations: 807)
[Webpacker] Everything's up-to-date. Nothing to do
  Rendered layout layouts/application.html.erb (Duration: 12.4ms | Allocations: 4295)
Completed 200 OK in 14ms (Views: 12.7ms | ActiveRecord: 0.3ms | Allocations: 4686)


Started GET "/books/3" for ::1 at 2021-11-22 12:43:14 -0500
Processing by BooksController#show as HTML
  Parameters: {"id"=>"3"}
  [1m[36mBook Load (0.4ms)[0m  [1m[34mSELECT "books".* FROM "books" WHERE "books"."id" = ? LIMIT ?[0m  [["id", 3], ["LIMIT", 1]]
  ↳ app/controllers/books_controller.rb:7:in `show'
  Rendering layout layouts/application.html.erb
  Rendering books/show.html.erb within layouts/application
  Rendered books/show.html.erb within layouts/application (Duration: 0.5ms | Allocations: 120)
[Webpacker] Everything's up-to-date. Nothing to do
  Rendered layout layouts/application.html.erb (Duration: 8.7ms | Allocations: 3608)
Completed 200 OK in 14ms (Views: 9.7ms | ActiveRecord: 0.4ms | Allocations: 4520)


Started GET "/books/3/edit" for ::1 at 2021-11-22 12:43:16 -0500
Processing by BooksController#edit as HTML
  Parameters: {"id"=>"3"}
  [1m[36mBook Load (0.3ms)[0m  [1m[34mSELECT "books".* FROM "books" WHERE "books"."id" = ? LIMIT ?[0m  [["id", 3], ["LIMIT", 1]]
  ↳ app/controllers/books_controller.rb:25:in `edit'
  Rendering layout layouts/application.html.erb
  Rendering books/edit.html.erb within layouts/application
  Rendered books/_form.html.erb (Duration: 4.5ms | Allocations: 1087)
  Rendered books/edit.html.erb within layouts/application (Duration: 6.2ms | Allocations: 1304)
[Webpacker] Everything's up-to-date. Nothing to do
  Rendered layout layouts/application.html.erb (Duration: 13.7ms | Allocations: 4792)
Completed 200 OK in 18ms (Views: 14.3ms | ActiveRecord: 0.3ms | Allocations: 5829)


Started GET "/" for ::1 at 2021-11-22 12:43:20 -0500
Processing by BooksController#index as HTML
  Rendering layout layouts/application.html.erb
  Rendering books/index.html.erb within layouts/application
  [1m[36mBook Load (0.3ms)[0m  [1m[34mSELECT "books".* FROM "books"[0m
  ↳ app/views/books/index.html.erb:4
  Rendered books/index.html.erb within layouts/application (Duration: 5.8ms | Allocations: 807)
[Webpacker] Everything's up-to-date. Nothing to do
  Rendered layout layouts/application.html.erb (Duration: 16.9ms | Allocations: 4295)
Completed 200 OK in 19ms (Views: 17.7ms | ActiveRecord: 0.3ms | Allocations: 4686)


  [1m[35m (0.7ms)[0m  [1m[34mSELECT sqlite_version(*)[0m
  [1m[35m (0.1ms)[0m  [1m[34mSELECT "schema_migrations"."version" FROM "schema_migrations" ORDER BY "schema_migrations"."version" ASC[0m
Migrating to RemoveAuthorFromBooks (20211122181452)
  [1m[36mTRANSACTION (0.1ms)[0m  [1m[36mbegin transaction[0m
  [1m[35m (0.0ms)[0m  [1m[35mPRAGMA foreign_keys[0m
  [1m[35m (0.0ms)[0m  [1m[35mPRAGMA defer_foreign_keys[0m
  [1m[35m (0.0ms)[0m  [1m[35mPRAGMA defer_foreign_keys = ON[0m
  [1m[35m (0.0ms)[0m  [1m[35mPRAGMA foreign_keys = OFF[0m
  [1m[35m (0.2ms)[0m  [1m[35mCREATE TEMPORARY TABLE "abooks" ("id" integer NOT NULL PRIMARY KEY, "title" varchar DEFAULT NULL, "author" varchar DEFAULT NULL, "read" boolean DEFAULT NULL, "library" boolean DEFAULT NULL, "created_at" datetime(6) NOT NULL, "updated_at" datetime(6) NOT NULL)[0m
  [1m[35m (0.1ms)[0m  [1m[32mINSERT INTO "abooks" ("id","title","author","read","library","created_at","updated_at")
                     SELECT "id","title","author","read","library","created_at","updated_at" FROM "books"[0m
  [1m[35m (0.3ms)[0m  [1m[35mDROP TABLE "books"[0m
  [1m[35m (0.1ms)[0m  [1m[35mCREATE TABLE "books" ("id" integer NOT NULL PRIMARY KEY, "title" varchar DEFAULT NULL, "read" boolean DEFAULT NULL, "library" boolean DEFAULT NULL, "created_at" datetime(6) NOT NULL, "updated_at" datetime(6) NOT NULL)[0m
  [1m[35m (0.1ms)[0m  [1m[32mINSERT INTO "books" ("id","title","read","library","created_at","updated_at")
                     SELECT "id","title","read","library","created_at","updated_at" FROM "abooks"[0m
  [1m[35m (0.1ms)[0m  [1m[35mDROP TABLE "abooks"[0m
  [1m[35m (0.0ms)[0m  [1m[35mPRAGMA defer_foreign_keys = 0[0m
  [1m[35m (0.1ms)[0m  [1m[35mPRAGMA foreign_keys = 1[0m
  [1m[36mActiveRecord::SchemaMigration Create (0.2ms)[0m  [1m[32mINSERT INTO "schema_migrations" ("version") VALUES (?)[0m  [["version", "20211122181452"]]
  [1m[36mTRANSACTION (1.2ms)[0m  [1m[36mcommit transaction[0m
  [1m[36mActiveRecord::InternalMetadata Load (0.4ms)[0m  [1m[34mSELECT "ar_internal_metadata".* FROM "ar_internal_metadata" WHERE "ar_internal_metadata"."key" = ? LIMIT ?[0m  [["key", "environment"], ["LIMIT", 1]]
  [1m[35m (0.0ms)[0m  [1m[34mSELECT sqlite_version(*)[0m
  [1m[35m (0.1ms)[0m  [1m[34mSELECT "schema_migrations"."version" FROM "schema_migrations" ORDER BY "schema_migrations"."version" ASC[0m
Started GET "/" for ::1 at 2021-11-22 13:19:18 -0500
  [1m[35m (0.7ms)[0m  [1m[34mSELECT sqlite_version(*)[0m
  [1m[35m (0.3ms)[0m  [1m[34mSELECT "schema_migrations"."version" FROM "schema_migrations" ORDER BY "schema_migrations"."version" ASC[0m
Processing by BooksController#index as HTML
  Rendering layout layouts/application.html.erb
  Rendering books/index.html.erb within layouts/application
  [1m[36mBook Load (0.3ms)[0m  [1m[34mSELECT "books".* FROM "books"[0m
  ↳ app/views/books/index.html.erb:4
  Rendered books/index.html.erb within layouts/application (Duration: 11.4ms | Allocations: 4575)
[Webpacker] Everything's up-to-date. Nothing to do
  Rendered layout layouts/application.html.erb (Duration: 79.4ms | Allocations: 13342)
Completed 200 OK in 113ms (Views: 83.8ms | ActiveRecord: 0.9ms | Allocations: 16428)


Started GET "/books/1" for ::1 at 2021-11-22 13:19:20 -0500
Processing by BooksController#show as HTML
  Parameters: {"id"=>"1"}
  [1m[36mBook Load (0.3ms)[0m  [1m[34mSELECT "books".* FROM "books" WHERE "books"."id" = ? LIMIT ?[0m  [["id", 1], ["LIMIT", 1]]
  ↳ app/controllers/books_controller.rb:7:in `show'
  Rendering layout layouts/application.html.erb
  Rendering books/show.html.erb within layouts/application
  Rendered books/show.html.erb within layouts/application (Duration: 23.8ms | Allocations: 3507)
  Rendered layout layouts/application.html.erb (Duration: 26.0ms | Allocations: 3572)
Completed 500 Internal Server Error in 44ms (ActiveRecord: 0.3ms | Allocations: 5746)


  
ActionView::Template::Error (undefined method `author' for #<Book:0x00007fa518b109a8>):
    2: 
    3: <h1><%= @book.title %></h1>
    4: 
    5: <p><%= @book.author %></p>
    6: 
    7: <ul>
    8:   <li><%= link_to "Edit", edit_book_path(@book) %></li>
  
app/views/books/show.html.erb:5
Started GET "/" for ::1 at 2021-11-22 13:19:22 -0500
Processing by BooksController#index as HTML
  Rendering layout layouts/application.html.erb
  Rendering books/index.html.erb within layouts/application
  [1m[36mBook Load (0.2ms)[0m  [1m[34mSELECT "books".* FROM "books"[0m
  ↳ app/views/books/index.html.erb:4
  Rendered books/index.html.erb within layouts/application (Duration: 3.2ms | Allocations: 929)
[Webpacker] Everything's up-to-date. Nothing to do
  Rendered layout layouts/application.html.erb (Duration: 11.6ms | Allocations: 4726)
Completed 200 OK in 14ms (Views: 12.9ms | ActiveRecord: 0.2ms | Allocations: 5795)


Started GET "/" for ::1 at 2021-11-22 13:20:36 -0500
Processing by BooksController#index as HTML
  Rendering layout layouts/application.html.erb
  Rendering books/index.html.erb within layouts/application
  [1m[36mBook Load (0.2ms)[0m  [1m[34mSELECT "books".* FROM "books"[0m
  ↳ app/views/books/index.html.erb:4
  Rendered books/index.html.erb within layouts/application (Duration: 3.9ms | Allocations: 988)
[Webpacker] Everything's up-to-date. Nothing to do
  Rendered layout layouts/application.html.erb (Duration: 10.6ms | Allocations: 4651)
Completed 200 OK in 15ms (Views: 12.8ms | ActiveRecord: 0.2ms | Allocations: 5769)


Started GET "/books/1" for ::1 at 2021-11-22 13:20:37 -0500
Processing by BooksController#show as HTML
  Parameters: {"id"=>"1"}
  [1m[36mBook Load (0.3ms)[0m  [1m[34mSELECT "books".* FROM "books" WHERE "books"."id" = ? LIMIT ?[0m  [["id", 1], ["LIMIT", 1]]
  ↳ app/controllers/books_controller.rb:7:in `show'
  Rendering layout layouts/application.html.erb
  Rendering books/show.html.erb within layouts/application
  Rendered books/show.html.erb within layouts/application (Duration: 6.5ms | Allocations: 3158)
  Rendered layout layouts/application.html.erb (Duration: 6.8ms | Allocations: 3223)
Completed 500 Internal Server Error in 11ms (ActiveRecord: 0.3ms | Allocations: 4266)


  
ActionView::Template::Error (undefined method `author' for #<Book:0x00007fa514a35848>):
    2: 
    3: <h1><%= @book.title %></h1>
    4: 
    5: # <p><%= @book.author %></p>
    6: 
    7: <ul>
    8:   <li><%= link_to "Edit", edit_book_path(@book) %></li>
  
app/views/books/show.html.erb:5
Started GET "/" for ::1 at 2021-11-22 13:20:43 -0500
Processing by BooksController#index as HTML
  Rendering layout layouts/application.html.erb
  Rendering books/index.html.erb within layouts/application
  [1m[36mBook Load (0.2ms)[0m  [1m[34mSELECT "books".* FROM "books"[0m
  ↳ app/views/books/index.html.erb:4
  Rendered books/index.html.erb within layouts/application (Duration: 2.8ms | Allocations: 804)
[Webpacker] Everything's up-to-date. Nothing to do
  Rendered layout layouts/application.html.erb (Duration: 15.0ms | Allocations: 5045)
Completed 200 OK in 17ms (Views: 15.6ms | ActiveRecord: 0.2ms | Allocations: 5433)


  [1m[36mBook Load (1.8ms)[0m  [1m[34mSELECT "books".* FROM "books" WHERE "books"."id" = ? LIMIT ?[0m  [["id", 1], ["LIMIT", 1]]
  [1m[36mTRANSACTION (0.3ms)[0m  [1m[36mbegin transaction[0m
  [1m[36mBook Destroy (0.5ms)[0m  [1m[31mDELETE FROM "books" WHERE "books"."id" = ?[0m  [["id", 1]]
  [1m[36mTRANSACTION (1.7ms)[0m  [1m[36mcommit transaction[0m
  [1m[36mBook Load (0.5ms)[0m  [1m[34mSELECT "books".* FROM "books" /* loading for inspect */ LIMIT ?[0m  [["LIMIT", 11]]
  [1m[36mBook Load (0.2ms)[0m  [1m[34mSELECT "books".* FROM "books" WHERE "books"."id" = ? LIMIT ?[0m  [["id", 2], ["LIMIT", 1]]
  [1m[36mTRANSACTION (0.1ms)[0m  [1m[36mbegin transaction[0m
  [1m[36mBook Destroy (0.6ms)[0m  [1m[31mDELETE FROM "books" WHERE "books"."id" = ?[0m  [["id", 2]]
  [1m[36mTRANSACTION (1.8ms)[0m  [1m[36mcommit transaction[0m
  [1m[36mBook Load (0.3ms)[0m  [1m[34mSELECT "books".* FROM "books" /* loading for inspect */ LIMIT ?[0m  [["LIMIT", 11]]
  [1m[36mBook Load (0.2ms)[0m  [1m[34mSELECT "books".* FROM "books" WHERE "books"."id" = ? LIMIT ?[0m  [["id", 3], ["LIMIT", 1]]
  [1m[36mTRANSACTION (0.1ms)[0m  [1m[36mbegin transaction[0m
  [1m[36mBook Destroy (0.7ms)[0m  [1m[31mDELETE FROM "books" WHERE "books"."id" = ?[0m  [["id", 3]]
  [1m[36mTRANSACTION (2.7ms)[0m  [1m[36mcommit transaction[0m
  [1m[36mBook Load (0.3ms)[0m  [1m[34mSELECT "books".* FROM "books" /* loading for inspect */ LIMIT ?[0m  [["LIMIT", 11]]
  [1m[35m (0.7ms)[0m  [1m[34mSELECT sqlite_version(*)[0m
  [1m[35m (0.1ms)[0m  [1m[34mSELECT "schema_migrations"."version" FROM "schema_migrations" ORDER BY "schema_migrations"."version" ASC[0m
Migrating to CreateAuthors (20211122183042)
  [1m[36mTRANSACTION (0.1ms)[0m  [1m[36mbegin transaction[0m
  [1m[35m (0.4ms)[0m  [1m[35mCREATE TABLE "authors" ("id" integer PRIMARY KEY AUTOINCREMENT NOT NULL, "name" varchar, "created_at" datetime(6) NOT NULL, "updated_at" datetime(6) NOT NULL)[0m
  [1m[36mActiveRecord::SchemaMigration Create (0.2ms)[0m  [1m[32mINSERT INTO "schema_migrations" ("version") VALUES (?)[0m  [["version", "20211122183042"]]
  [1m[36mTRANSACTION (1.3ms)[0m  [1m[36mcommit transaction[0m
  [1m[36mActiveRecord::InternalMetadata Load (0.2ms)[0m  [1m[34mSELECT "ar_internal_metadata".* FROM "ar_internal_metadata" WHERE "ar_internal_metadata"."key" = ? LIMIT ?[0m  [["key", "environment"], ["LIMIT", 1]]
  [1m[35m (0.0ms)[0m  [1m[34mSELECT sqlite_version(*)[0m
  [1m[35m (0.1ms)[0m  [1m[34mSELECT "schema_migrations"."version" FROM "schema_migrations" ORDER BY "schema_migrations"."version" ASC[0m
Started GET "/" for ::1 at 2021-11-22 13:32:00 -0500
  [1m[35m (0.7ms)[0m  [1m[34mSELECT sqlite_version(*)[0m
  [1m[35m (0.1ms)[0m  [1m[34mSELECT "schema_migrations"."version" FROM "schema_migrations" ORDER BY "schema_migrations"."version" ASC[0m
Processing by BooksController#index as HTML
  Rendering layout layouts/application.html.erb
  Rendering books/index.html.erb within layouts/application
  [1m[36mBook Load (0.3ms)[0m  [1m[34mSELECT "books".* FROM "books"[0m
  ↳ app/views/books/index.html.erb:4
  Rendered books/index.html.erb within layouts/application (Duration: 4.5ms | Allocations: 1040)
[Webpacker] Everything's up-to-date. Nothing to do
  Rendered layout layouts/application.html.erb (Duration: 36.5ms | Allocations: 6590)
Completed 200 OK in 78ms (Views: 41.2ms | ActiveRecord: 0.3ms | Allocations: 10765)


Started GET "/books/new" for ::1 at 2021-11-22 13:32:48 -0500
Processing by BooksController#new as HTML
  Rendering layout layouts/application.html.erb
  Rendering books/new.html.erb within layouts/application
  Rendered books/_form.html.erb (Duration: 66.0ms | Allocations: 9052)
  Rendered books/new.html.erb within layouts/application (Duration: 69.9ms | Allocations: 9440)
[Webpacker] Everything's up-to-date. Nothing to do
  Rendered layout layouts/application.html.erb (Duration: 78.2ms | Allocations: 13453)
Completed 200 OK in 97ms (Views: 80.4ms | ActiveRecord: 1.0ms | Allocations: 16981)


  [1m[35m (0.8ms)[0m  [1m[34mSELECT sqlite_version(*)[0m
  [1m[35m (0.2ms)[0m  [1m[34mSELECT "schema_migrations"."version" FROM "schema_migrations" ORDER BY "schema_migrations"."version" ASC[0m
  [1m[36mActiveRecord::InternalMetadata Load (0.2ms)[0m  [1m[34mSELECT "ar_internal_metadata".* FROM "ar_internal_metadata" WHERE "ar_internal_metadata"."key" = ? LIMIT ?[0m  [["key", "environment"], ["LIMIT", 1]]
  [1m[35m (0.0ms)[0m  [1m[34mSELECT sqlite_version(*)[0m
  [1m[35m (0.1ms)[0m  [1m[34mSELECT "schema_migrations"."version" FROM "schema_migrations" ORDER BY "schema_migrations"."version" ASC[0m
Started GET "/books/new" for ::1 at 2021-11-22 13:37:35 -0500
  [1m[35m (1.1ms)[0m  [1m[34mSELECT sqlite_version(*)[0m
  [1m[35m (0.2ms)[0m  [1m[34mSELECT "schema_migrations"."version" FROM "schema_migrations" ORDER BY "schema_migrations"."version" ASC[0m
Processing by BooksController#new as HTML
  Rendering layout layouts/application.html.erb
  Rendering books/new.html.erb within layouts/application
  Rendered books/_form.html.erb (Duration: 13.6ms | Allocations: 3500)
  Rendered books/new.html.erb within layouts/application (Duration: 16.3ms | Allocations: 3981)
[Webpacker] Everything's up-to-date. Nothing to do
  Rendered layout layouts/application.html.erb (Duration: 66.2ms | Allocations: 10288)
Completed 200 OK in 128ms (Views: 71.4ms | ActiveRecord: 1.0ms | Allocations: 16814)


Started GET "/" for ::1 at 2021-11-22 13:37:37 -0500
Processing by BooksController#index as HTML
  Rendering layout layouts/application.html.erb
  Rendering books/index.html.erb within layouts/application
  [1m[36mBook Load (0.3ms)[0m  [1m[34mSELECT "books".* FROM "books"[0m
  ↳ app/views/books/index.html.erb:4
  Rendered books/index.html.erb within layouts/application (Duration: 4.7ms | Allocations: 909)
[Webpacker] Everything's up-to-date. Nothing to do
  Rendered layout layouts/application.html.erb (Duration: 16.5ms | Allocations: 4402)
Completed 200 OK in 22ms (Views: 18.6ms | ActiveRecord: 0.3ms | Allocations: 4953)


Started GET "/books/new" for ::1 at 2021-11-22 13:37:39 -0500
Processing by BooksController#new as HTML
  Rendering layout layouts/application.html.erb
  Rendering books/new.html.erb within layouts/application
  Rendered books/_form.html.erb (Duration: 5.6ms | Allocations: 1060)
  Rendered books/new.html.erb within layouts/application (Duration: 6.3ms | Allocations: 1175)
[Webpacker] Everything's up-to-date. Nothing to do
  Rendered layout layouts/application.html.erb (Duration: 15.8ms | Allocations: 5277)
Completed 200 OK in 19ms (Views: 17.2ms | ActiveRecord: 0.0ms | Allocations: 5690)


Started POST "/books" for ::1 at 2021-11-22 13:37:53 -0500
Processing by BooksController#create as HTML
  Parameters: {"authenticity_token"=>"[FILTERED]", "book"=>{"title"=>"The Wizard of Earthsea", "author"=>"Ursula K Le Guin", "read"=>"0", "library"=>"0"}, "commit"=>"Create Book"}
Completed 500 Internal Server Error in 2ms (ActiveRecord: 0.0ms | Allocations: 784)


  
ActiveModel::UnknownAttributeError (unknown attribute 'author' for Book.):
  
app/controllers/books_controller.rb:11:in `create'
  [1m[35m (0.9ms)[0m  [1m[34mSELECT sqlite_version(*)[0m
  [1m[35m (0.2ms)[0m  [1m[34mSELECT "schema_migrations"."version" FROM "schema_migrations" ORDER BY "schema_migrations"."version" ASC[0m
  [1m[36mActiveRecord::InternalMetadata Load (0.1ms)[0m  [1m[34mSELECT "ar_internal_metadata".* FROM "ar_internal_metadata" WHERE "ar_internal_metadata"."key" = ? LIMIT ?[0m  [["key", "environment"], ["LIMIT", 1]]
  [1m[35m (0.0ms)[0m  [1m[34mSELECT sqlite_version(*)[0m
  [1m[35m (0.2ms)[0m  [1m[34mSELECT "schema_migrations"."version" FROM "schema_migrations" ORDER BY "schema_migrations"."version" ASC[0m
  [1m[35m (0.4ms)[0m  [1m[34mSELECT sqlite_version(*)[0m
  [1m[35m (0.3ms)[0m  [1m[34mSELECT "schema_migrations"."version" FROM "schema_migrations" ORDER BY "schema_migrations"."version" ASC[0m
  [1m[35m (0.1ms)[0m  [1m[34mSELECT "schema_migrations"."version" FROM "schema_migrations" ORDER BY "schema_migrations"."version" ASC[0m
  [1m[35m (0.1ms)[0m  [1m[34mSELECT "schema_migrations"."version" FROM "schema_migrations" ORDER BY "schema_migrations"."version" ASC[0m
Started POST "/books" for ::1 at 2021-11-22 13:42:03 -0500
  [1m[35m (0.3ms)[0m  [1m[34mSELECT sqlite_version(*)[0m
  [1m[35m (0.2ms)[0m  [1m[34mSELECT "schema_migrations"."version" FROM "schema_migrations" ORDER BY "schema_migrations"."version" ASC[0m
Processing by BooksController#create as HTML
  Parameters: {"authenticity_token"=>"[FILTERED]", "book"=>{"title"=>"The Wizard of Earthsea", "author"=>"Ursula K Le Guin", "read"=>"0", "library"=>"0"}, "commit"=>"Create Book"}
Completed 500 Internal Server Error in 23ms (ActiveRecord: 0.6ms | Allocations: 5321)


  
ActiveModel::UnknownAttributeError (unknown attribute 'author' for Book.):
  
app/controllers/books_controller.rb:11:in `create'
Started GET "/" for ::1 at 2021-11-22 13:42:07 -0500
Processing by BooksController#index as HTML
  Rendering layout layouts/application.html.erb
  Rendering books/index.html.erb within layouts/application
  [1m[36mBook Load (0.5ms)[0m  [1m[34mSELECT "books".* FROM "books"[0m
  ↳ app/views/books/index.html.erb:4
  Rendered books/index.html.erb within layouts/application (Duration: 5.2ms | Allocations: 977)
[Webpacker] Everything's up-to-date. Nothing to do
  Rendered layout layouts/application.html.erb (Duration: 31.3ms | Allocations: 6531)
Completed 200 OK in 46ms (Views: 43.2ms | ActiveRecord: 0.5ms | Allocations: 8232)


Started GET "/books/new" for ::1 at 2021-11-22 13:42:08 -0500
Processing by BooksController#new as HTML
  Rendering layout layouts/application.html.erb
  Rendering books/new.html.erb within layouts/application
  Rendered books/_form.html.erb (Duration: 15.6ms | Allocations: 3493)
  Rendered books/new.html.erb within layouts/application (Duration: 18.3ms | Allocations: 3839)
[Webpacker] Everything's up-to-date. Nothing to do
  Rendered layout layouts/application.html.erb (Duration: 24.3ms | Allocations: 7329)
Completed 200 OK in 27ms (Views: 25.0ms | ActiveRecord: 0.0ms | Allocations: 7879)


Started POST "/books" for ::1 at 2021-11-22 13:43:13 -0500
Processing by BooksController#create as HTML
  Parameters: {"authenticity_token"=>"[FILTERED]", "book"=>{"title"=>"Parable of the Sower", "author"=>"Octavia Butler", "read"=>"0", "library"=>"0"}, "commit"=>"Create Book"}
Completed 500 Internal Server Error in 1ms (ActiveRecord: 0.0ms | Allocations: 744)


  
ActiveModel::UnknownAttributeError (unknown attribute 'author' for Book.):
  
app/controllers/books_controller.rb:11:in `create'
Started GET "/books/new" for ::1 at 2021-11-22 13:46:12 -0500
Processing by BooksController#new as HTML
  Rendering layout layouts/application.html.erb
  Rendering books/new.html.erb within layouts/application
  Rendered books/_form.html.erb (Duration: 4.0ms | Allocations: 1059)
  Rendered books/new.html.erb within layouts/application (Duration: 5.0ms | Allocations: 1175)
[Webpacker] Everything's up-to-date. Nothing to do
  Rendered layout layouts/application.html.erb (Duration: 18.2ms | Allocations: 4673)
Completed 200 OK in 21ms (Views: 19.2ms | ActiveRecord: 0.0ms | Allocations: 5073)


Started GET "/" for ::1 at 2021-11-22 13:46:16 -0500
Processing by BooksController#index as HTML
  Rendering layout layouts/application.html.erb
  Rendering books/index.html.erb within layouts/application
  [1m[36mBook Load (0.3ms)[0m  [1m[34mSELECT "books".* FROM "books"[0m
  ↳ app/views/books/index.html.erb:4
  Rendered books/index.html.erb within layouts/application (Duration: 3.1ms | Allocations: 688)
[Webpacker] Everything's up-to-date. Nothing to do
  Rendered layout layouts/application.html.erb (Duration: 12.2ms | Allocations: 4179)
Completed 200 OK in 14ms (Views: 12.8ms | ActiveRecord: 0.3ms | Allocations: 4570)


Started GET "/" for ::1 at 2021-11-22 13:50:12 -0500
  [1m[35m (0.8ms)[0m  [1m[34mSELECT sqlite_version(*)[0m
  [1m[35m (0.7ms)[0m  [1m[34mSELECT "schema_migrations"."version" FROM "schema_migrations" ORDER BY "schema_migrations"."version" ASC[0m
Processing by BooksController#index as HTML
  Rendering layout layouts/application.html.erb
  Rendering books/index.html.erb within layouts/application
  [1m[36mBook Load (0.8ms)[0m  [1m[34mSELECT "books".* FROM "books"[0m
  ↳ app/views/books/index.html.erb:4
  Rendered books/index.html.erb within layouts/application (Duration: 5.9ms | Allocations: 1040)
[Webpacker] Everything's up-to-date. Nothing to do
  Rendered layout layouts/application.html.erb (Duration: 34.2ms | Allocations: 6590)
Completed 200 OK in 69ms (Views: 46.1ms | ActiveRecord: 0.8ms | Allocations: 9838)


Started GET "/books/new" for ::1 at 2021-11-22 13:50:14 -0500
Processing by BooksController#new as HTML
  Rendering layout layouts/application.html.erb
  Rendering books/new.html.erb within layouts/application
  Rendered books/_form.html.erb (Duration: 27.8ms | Allocations: 4230)
  Rendered books/new.html.erb within layouts/application (Duration: 31.2ms | Allocations: 4579)
[Webpacker] Everything's up-to-date. Nothing to do
  Rendered layout layouts/application.html.erb (Duration: 44.3ms | Allocations: 8069)
Completed 200 OK in 63ms (Views: 45.2ms | ActiveRecord: 0.8ms | Allocations: 11962)


Started POST "/books" for ::1 at 2021-11-22 13:50:31 -0500
Processing by BooksController#create as HTML
  Parameters: {"authenticity_token"=>"[FILTERED]", "book"=>{"title"=>"Parable of the Sower", "author"=>"Octavia Butler", "read"=>"0", "library"=>"0"}, "commit"=>"Create Book"}
Completed 500 Internal Server Error in 3ms (ActiveRecord: 0.0ms | Allocations: 784)


  
ActiveModel::UnknownAttributeError (unknown attribute 'author' for Book.):
  
app/controllers/books_controller.rb:11:in `create'
Started GET "/" for ::1 at 2021-11-22 13:50:47 -0500
Processing by BooksController#index as HTML
  Rendering layout layouts/application.html.erb
  Rendering books/index.html.erb within layouts/application
  [1m[36mBook Load (0.2ms)[0m  [1m[34mSELECT "books".* FROM "books"[0m
  ↳ app/views/books/index.html.erb:4
  Rendered books/index.html.erb within layouts/application (Duration: 2.7ms | Allocations: 775)
[Webpacker] Everything's up-to-date. Nothing to do
  Rendered layout layouts/application.html.erb (Duration: 14.8ms | Allocations: 4407)
Completed 200 OK in 17ms (Views: 15.6ms | ActiveRecord: 0.2ms | Allocations: 4901)


  [1m[35m (0.7ms)[0m  [1m[34mSELECT sqlite_version(*)[0m
  [1m[35m (0.6ms)[0m  [1m[34mSELECT "schema_migrations"."version" FROM "schema_migrations" ORDER BY "schema_migrations"."version" ASC[0m
Migrating to DropBooksTable (20211122185215)
  [1m[36mTRANSACTION (0.1ms)[0m  [1m[36mbegin transaction[0m
  [1m[36mActiveRecord::SchemaMigration Create (0.9ms)[0m  [1m[32mINSERT INTO "schema_migrations" ("version") VALUES (?)[0m  [["version", "20211122185215"]]
  [1m[36mTRANSACTION (1.0ms)[0m  [1m[36mcommit transaction[0m
  [1m[36mActiveRecord::InternalMetadata Load (1.3ms)[0m  [1m[34mSELECT "ar_internal_metadata".* FROM "ar_internal_metadata" WHERE "ar_internal_metadata"."key" = ? LIMIT ?[0m  [["key", "environment"], ["LIMIT", 1]]
  [1m[35m (0.0ms)[0m  [1m[34mSELECT sqlite_version(*)[0m
  [1m[35m (0.2ms)[0m  [1m[34mSELECT "schema_migrations"."version" FROM "schema_migrations" ORDER BY "schema_migrations"."version" ASC[0m
